INFO: [XSIM 43-3496] Using init file passed via -initfile option "C:/Xilinx/Vivado/2017.2/data/xsim/ip/xsim_ip.ini".
Vivado Simulator 2017.2
Copyright 1986-1999, 2001-2016 Xilinx, Inc. All Rights Reserved.
Running: C:/Xilinx/Vivado/2017.2/bin/unwrapped/win64.o/xelab.exe xil_defaultlib.apatb_fir_top -prj fir.prj -L axi_protocol_checker_v1_1_12 -L axi_protocol_checker_v1_1_13 -L axis_protocol_checker_v1_1_11 -L axis_protocol_checker_v1_1_12 --initfile C:/Xilinx/Vivado/2017.2/data/xsim/ip/xsim_ip.ini --lib ieee_proposed=./ieee_proposed -s fir 
Multi-threading is on. Using 2 slave threads.
INFO: [VRFC 10-2263] Analyzing SystemVerilog file "C:/Users/markb/Source/Repos/FPGA_Sandbox/RecComp/Lab2/ug871-design-files/Introduction/lab1/fir_prj/solution1/sim/verilog/AESL_automem_c.v" into library xil_defaultlib
INFO: [VRFC 10-311] analyzing module AESL_automem_c
INFO: [VRFC 10-2263] Analyzing SystemVerilog file "C:/Users/markb/Source/Repos/FPGA_Sandbox/RecComp/Lab2/ug871-design-files/Introduction/lab1/fir_prj/solution1/sim/verilog/fir.autotb.v" into library xil_defaultlib
INFO: [VRFC 10-311] analyzing module apatb_fir_top
INFO: [VRFC 10-2263] Analyzing SystemVerilog file "C:/Users/markb/Source/Repos/FPGA_Sandbox/RecComp/Lab2/ug871-design-files/Introduction/lab1/fir_prj/solution1/sim/verilog/fir.v" into library xil_defaultlib
INFO: [VRFC 10-311] analyzing module fir
INFO: [VRFC 10-2263] Analyzing SystemVerilog file "C:/Users/markb/Source/Repos/FPGA_Sandbox/RecComp/Lab2/ug871-design-files/Introduction/lab1/fir_prj/solution1/sim/verilog/fir_shift_reg.v" into library xil_defaultlib
INFO: [VRFC 10-311] analyzing module fir_shift_reg_ram
INFO: [VRFC 10-311] analyzing module fir_shift_reg
Starting static elaboration
Completed static elaboration
Starting simulation data flow analysis
Completed simulation data flow analysis
Time Resolution for simulation is 1ps
Compiling module xil_defaultlib.fir_shift_reg_ram
Compiling module xil_defaultlib.fir_shift_reg(DataWidth=32,Addre...
Compiling module xil_defaultlib.fir
Compiling module xil_defaultlib.AESL_automem_c
Compiling module xil_defaultlib.apatb_fir_top
Built simulation snapshot fir
