Unable to capture context for thread 23272 in process 22320, can not generate back trace
Unable to capture context for thread 6164 in process 22320, can not generate back trace
Unable to capture context for thread 23048 in process 22320, can not generate back trace
Exception at PC 0x00007FFA171CBB93
Printing stacktrace...

[0]  [0x00007FFA171CBB93]
[1]  [0x00007FFA171CBB93]
[2]  [0x00007FFA171CB4A1]
[3]  [0x00007FFA171CB3EF]
[4]  [0x00007FFA171B19FE]
[5]  [0x00007FFA171B0ED1]
[6]  [0x00007FFA171B0D76]
[7]  [0x00007FFA171579F6]
[8]  [0x00007FFA17147AFB]
[9]  [0x00007FFA1726E90A]
[10]  [0x00007FFA17289F87]
[11]  [0x00007FFA1728A05F]
[12] (BaseThreadInitThunk+0x14) [0x00007FFA894C2774]
[13] (RtlUserThreadStart+0x21) [0x00007FFA8A200D51]
Done
Exception at PC 0x00007FFA16ED1A52
Attemped to write at address 0x00007FFA433FABA4
Printing stacktrace...

[0]  [0x00007FFA16ED1A52]
[1]  [0x00007FFA16ED1A52]
[2]  [0x00007FFA16ED1AD4]
[3]  [0x00007FFA17013FF7]
[4]  [0x00007FFA16EF9128]
[5]  [0x00007FFA171ADFB9]
[6]  [0x00007FFA1737EF23]
[7]  [0x00007FFA1728B06B]
[8]  [0x00007FFA172808AF]
[9]  [0x00007FFA17280A32]
[10] (RtlDeactivateActivationContextUnsafeFast+0x1af) [0x00007FFA8A1B485F]
[11] (LdrShutdownProcess+0x12c) [0x00007FFA8A1DD43C]
[12] (RtlExitUserProcess+0xb4) [0x00007FFA8A1DD2F4]
[13] (FatalExit+0xa) [0x00007FFA894CC0DA]
[14] (exit+0x75) [0x00007FFA89E7A045]
[15] (initterm_e+0x21d) [0x00007FFA89E7A68D]
[16]  [0x00000000004014CD]
[17]  [0x000000000040151B]
[18] (BaseThreadInitThunk+0x14) [0x00007FFA894C2774]
[19] (RtlUserThreadStart+0x21) [0x00007FFA8A200D51]
Done
