Comparing against output data 
*******************************************
PASS: The output matches the golden output!
*******************************************

C:\Users\markb\Source\Repos\FPGA_Sandbox\RecComp\Lab2\ug871-design-files\Introduction\lab1\fir_prj\solution1\sim\verilog>call C:/Xilinx/Vivado/2017.2/bin/xelab xil_defaultlib.apatb_fir_top -prj fir.prj -L axi_protocol_checker_v1_1_12 -L axi_protocol_checker_v1_1_13 -L axis_protocol_checker_v1_1_11 -L axis_protocol_checker_v1_1_12 --initfile "C:/Xilinx/Vivado/2017.2/data/xsim/ip/xsim_ip.ini" --lib "ieee_proposed=./ieee_proposed" -s fir  
INFO: [XSIM 43-3496] Using init file passed via -initfile option "C:/Xilinx/Vivado/2017.2/data/xsim/ip/xsim_ip.ini".
Vivado Simulator 2017.2
Copyright 1986-1999, 2001-2016 Xilinx, Inc. All Rights Reserved.
Running: C:/Xilinx/Vivado/2017.2/bin/unwrapped/win64.o/xelab.exe xil_defaultlib.apatb_fir_top -prj fir.prj -L axi_protocol_checker_v1_1_12 -L axi_protocol_checker_v1_1_13 -L axis_protocol_checker_v1_1_11 -L axis_protocol_checker_v1_1_12 --initfile C:/Xilinx/Vivado/2017.2/data/xsim/ip/xsim_ip.ini --lib ieee_proposed=./ieee_proposed -s fir 
Multi-threading is on. Using 2 slave threads.
INFO: [VRFC 10-2263] Analyzing SystemVerilog file "C:/Users/markb/Source/Repos/FPGA_Sandbox/RecComp/Lab2/ug871-design-files/Introduction/lab1/fir_prj/solution1/sim/verilog/AESL_automem_c.v" into library xil_defaultlib
INFO: [VRFC 10-311] analyzing module AESL_automem_c
INFO: [VRFC 10-2263] Analyzing SystemVerilog file "C:/Users/markb/Source/Repos/FPGA_Sandbox/RecComp/Lab2/ug871-design-files/Introduction/lab1/fir_prj/solution1/sim/verilog/fir.autotb.v" into library xil_defaultlib
INFO: [VRFC 10-311] analyzing module apatb_fir_top
INFO: [VRFC 10-2263] Analyzing SystemVerilog file "C:/Users/markb/Source/Repos/FPGA_Sandbox/RecComp/Lab2/ug871-design-files/Introduction/lab1/fir_prj/solution1/sim/verilog/fir.v" into library xil_defaultlib
INFO: [VRFC 10-311] analyzing module fir
INFO: [VRFC 10-2263] Analyzing SystemVerilog file "C:/Users/markb/Source/Repos/FPGA_Sandbox/RecComp/Lab2/ug871-design-files/Introduction/lab1/fir_prj/solution1/sim/verilog/fir_shift_reg.v" into library xil_defaultlib
INFO: [VRFC 10-311] analyzing module fir_shift_reg_ram
INFO: [VRFC 10-311] analyzing module fir_shift_reg
Starting static elaboration
Completed static elaboration
Starting simulation data flow analysis
Completed simulation data flow analysis
Time Resolution for simulation is 1ps
Compiling module xil_defaultlib.fir_shift_reg_ram
Compiling module xil_defaultlib.fir_shift_reg(DataWidth=32,Addre...
Compiling module xil_defaultlib.fir
Compiling module xil_defaultlib.AESL_automem_c
Compiling module xil_defaultlib.apatb_fir_top
Built simulation snapshot fir

****** Webtalk v2017.2.1 (64-bit)
  **** SW Build 1957588 on Wed Aug  9 16:32:24 MDT 2017
  **** IP Build 1948039 on Wed Aug  9 18:19:28 MDT 2017
    ** Copyright 1986-2017 Xilinx, Inc. All Rights Reserved.

source C:/Users/markb/Source/Repos/FPGA_Sandbox/RecComp/Lab2/ug871-design-files/Introduction/lab1/fir_prj/solution1/sim/verilog/xsim.dir/fir/webtalk/xsim_webtalk.tcl -notrace
INFO: [Common 17-206] Exiting Webtalk at Tue Sep 26 15:58:56 2017...

****** xsim v2017.2.1 (64-bit)
  **** SW Build 1957588 on Wed Aug  9 16:32:24 MDT 2017
  **** IP Build 1948039 on Wed Aug  9 18:19:28 MDT 2017
    ** Copyright 1986-2017 Xilinx, Inc. All Rights Reserved.

source xsim.dir/fir/xsim_script.tcl
# xsim {fir} -autoloadwcfg -tclbatch {fir.tcl}
Vivado Simulator 2017.2
Time resolution is 1 ps
source fir.tcl
## run all
////////////////////////////////////////////////////////////////////////////////////
// Inter-Transaction Progress: Completed Transaction / Total Transaction
// Intra-Transaction Progress: Measured Latency / Latency Estimation * 100%
//
// RTL Simulation : "Inter-Transaction Progress" ["Intra-Transaction Progress"] @ "Simulation Time"
////////////////////////////////////////////////////////////////////////////////////
// RTL Simulation : 0 / 601 [0.00%] @ "125000"
// RTL Simulation : 1 / 601 [0.00%] @ "595000"
// RTL Simulation : 2 / 601 [0.00%] @ "1055000"
// RTL Simulation : 3 / 601 [0.00%] @ "1515000"
// RTL Simulation : 4 / 601 [0.00%] @ "1975000"
// RTL Simulation : 5 / 601 [0.00%] @ "2435000"
// RTL Simulation : 6 / 601 [0.00%] @ "2895000"
// RTL Simulation : 7 / 601 [0.00%] @ "3355000"
// RTL Simulation : 8 / 601 [0.00%] @ "3815000"
// RTL Simulation : 9 / 601 [0.00%] @ "4275000"
// RTL Simulation : 10 / 601 [0.00%] @ "4735000"
// RTL Simulation : 11 / 601 [0.00%] @ "5195000"
// RTL Simulation : 12 / 601 [0.00%] @ "5655000"
// RTL Simulation : 13 / 601 [0.00%] @ "6115000"
// RTL Simulation : 14 / 601 [0.00%] @ "6575000"
// RTL Simulation : 15 / 601 [0.00%] @ "7035000"
// RTL Simulation : 16 / 601 [0.00%] @ "7495000"
// RTL Simulation : 17 / 601 [0.00%] @ "7955000"
// RTL Simulation : 18 / 601 [0.00%] @ "8415000"
// RTL Simulation : 19 / 601 [0.00%] @ "8875000"
// RTL Simulation : 20 / 601 [0.00%] @ "9335000"
// RTL Simulation : 21 / 601 [0.00%] @ "9795000"
// RTL Simulation : 22 / 601 [0.00%] @ "10255000"
// RTL Simulation : 23 / 601 [0.00%] @ "10715000"
// RTL Simulation : 24 / 601 [0.00%] @ "11175000"
// RTL Simulation : 25 / 601 [0.00%] @ "11635000"
// RTL Simulation : 26 / 601 [0.00%] @ "12095000"
// RTL Simulation : 27 / 601 [0.00%] @ "12555000"
// RTL Simulation : 28 / 601 [0.00%] @ "13015000"
// RTL Simulation : 29 / 601 [0.00%] @ "13475000"
// RTL Simulation : 30 / 601 [0.00%] @ "13935000"
// RTL Simulation : 31 / 601 [0.00%] @ "14395000"
// RTL Simulation : 32 / 601 [0.00%] @ "14855000"
// RTL Simulation : 33 / 601 [0.00%] @ "15315000"
// RTL Simulation : 34 / 601 [0.00%] @ "15775000"
// RTL Simulation : 35 / 601 [0.00%] @ "16235000"
// RTL Simulation : 36 / 601 [0.00%] @ "16695000"
// RTL Simulation : 37 / 601 [0.00%] @ "17155000"
// RTL Simulation : 38 / 601 [0.00%] @ "17615000"
// RTL Simulation : 39 / 601 [0.00%] @ "18075000"
// RTL Simulation : 40 / 601 [0.00%] @ "18535000"
// RTL Simulation : 41 / 601 [0.00%] @ "18995000"
// RTL Simulation : 42 / 601 [0.00%] @ "19455000"
// RTL Simulation : 43 / 601 [0.00%] @ "19915000"
// RTL Simulation : 44 / 601 [0.00%] @ "20375000"
// RTL Simulation : 45 / 601 [0.00%] @ "20835000"
// RTL Simulation : 46 / 601 [0.00%] @ "21295000"
// RTL Simulation : 47 / 601 [0.00%] @ "21755000"
// RTL Simulation : 48 / 601 [0.00%] @ "22215000"
// RTL Simulation : 49 / 601 [0.00%] @ "22675000"
// RTL Simulation : 50 / 601 [0.00%] @ "23135000"
// RTL Simulation : 51 / 601 [0.00%] @ "23595000"
// RTL Simulation : 52 / 601 [0.00%] @ "24055000"
// RTL Simulation : 53 / 601 [0.00%] @ "24515000"
// RTL Simulation : 54 / 601 [0.00%] @ "24975000"
// RTL Simulation : 55 / 601 [0.00%] @ "25435000"
// RTL Simulation : 56 / 601 [0.00%] @ "25895000"
// RTL Simulation : 57 / 601 [0.00%] @ "26355000"
// RTL Simulation : 58 / 601 [0.00%] @ "26815000"
// RTL Simulation : 59 / 601 [0.00%] @ "27275000"
// RTL Simulation : 60 / 601 [0.00%] @ "27735000"
// RTL Simulation : 61 / 601 [0.00%] @ "28195000"
// RTL Simulation : 62 / 601 [0.00%] @ "28655000"
// RTL Simulation : 63 / 601 [0.00%] @ "29115000"
// RTL Simulation : 64 / 601 [0.00%] @ "29575000"
// RTL Simulation : 65 / 601 [0.00%] @ "30035000"
// RTL Simulation : 66 / 601 [0.00%] @ "30495000"
// RTL Simulation : 67 / 601 [0.00%] @ "30955000"
// RTL Simulation : 68 / 601 [0.00%] @ "31415000"
// RTL Simulation : 69 / 601 [0.00%] @ "31875000"
// RTL Simulation : 70 / 601 [0.00%] @ "32335000"
// RTL Simulation : 71 / 601 [0.00%] @ "32795000"
// RTL Simulation : 72 / 601 [0.00%] @ "33255000"
// RTL Simulation : 73 / 601 [0.00%] @ "33715000"
// RTL Simulation : 74 / 601 [0.00%] @ "34175000"
// RTL Simulation : 75 / 601 [0.00%] @ "34635000"
// RTL Simulation : 76 / 601 [0.00%] @ "35095000"
// RTL Simulation : 77 / 601 [0.00%] @ "35555000"
// RTL Simulation : 78 / 601 [0.00%] @ "36015000"
// RTL Simulation : 79 / 601 [0.00%] @ "36475000"
// RTL Simulation : 80 / 601 [0.00%] @ "36935000"
// RTL Simulation : 81 / 601 [0.00%] @ "37395000"
// RTL Simulation : 82 / 601 [0.00%] @ "37855000"
// RTL Simulation : 83 / 601 [0.00%] @ "38315000"
// RTL Simulation : 84 / 601 [0.00%] @ "38775000"
// RTL Simulation : 85 / 601 [0.00%] @ "39235000"
// RTL Simulation : 86 / 601 [0.00%] @ "39695000"
// RTL Simulation : 87 / 601 [0.00%] @ "40155000"
// RTL Simulation : 88 / 601 [0.00%] @ "40615000"
// RTL Simulation : 89 / 601 [0.00%] @ "41075000"
// RTL Simulation : 90 / 601 [0.00%] @ "41535000"
// RTL Simulation : 91 / 601 [0.00%] @ "41995000"
// RTL Simulation : 92 / 601 [0.00%] @ "42455000"
// RTL Simulation : 93 / 601 [0.00%] @ "42915000"
// RTL Simulation : 94 / 601 [0.00%] @ "43375000"
// RTL Simulation : 95 / 601 [0.00%] @ "43835000"
// RTL Simulation : 96 / 601 [0.00%] @ "44295000"
// RTL Simulation : 97 / 601 [0.00%] @ "44755000"
// RTL Simulation : 98 / 601 [0.00%] @ "45215000"
// RTL Simulation : 99 / 601 [0.00%] @ "45675000"
// RTL Simulation : 100 / 601 [0.00%] @ "46135000"
// RTL Simulation : 101 / 601 [0.00%] @ "46595000"
// RTL Simulation : 102 / 601 [0.00%] @ "47055000"
// RTL Simulation : 103 / 601 [0.00%] @ "47515000"
// RTL Simulation : 104 / 601 [0.00%] @ "47975000"
// RTL Simulation : 105 / 601 [0.00%] @ "48435000"
// RTL Simulation : 106 / 601 [0.00%] @ "48895000"
// RTL Simulation : 107 / 601 [0.00%] @ "49355000"
// RTL Simulation : 108 / 601 [0.00%] @ "49815000"
// RTL Simulation : 109 / 601 [0.00%] @ "50275000"
// RTL Simulation : 110 / 601 [0.00%] @ "50735000"
// RTL Simulation : 111 / 601 [0.00%] @ "51195000"
// RTL Simulation : 112 / 601 [0.00%] @ "51655000"
// RTL Simulation : 113 / 601 [0.00%] @ "52115000"
// RTL Simulation : 114 / 601 [0.00%] @ "52575000"
// RTL Simulation : 115 / 601 [0.00%] @ "53035000"
// RTL Simulation : 116 / 601 [0.00%] @ "53495000"
// RTL Simulation : 117 / 601 [0.00%] @ "53955000"
// RTL Simulation : 118 / 601 [0.00%] @ "54415000"
// RTL Simulation : 119 / 601 [0.00%] @ "54875000"
// RTL Simulation : 120 / 601 [0.00%] @ "55335000"
// RTL Simulation : 121 / 601 [0.00%] @ "55795000"
// RTL Simulation : 122 / 601 [0.00%] @ "56255000"
// RTL Simulation : 123 / 601 [0.00%] @ "56715000"
// RTL Simulation : 124 / 601 [0.00%] @ "57175000"
// RTL Simulation : 125 / 601 [0.00%] @ "57635000"
// RTL Simulation : 126 / 601 [0.00%] @ "58095000"
// RTL Simulation : 127 / 601 [0.00%] @ "58555000"
// RTL Simulation : 128 / 601 [0.00%] @ "59015000"
// RTL Simulation : 129 / 601 [0.00%] @ "59475000"
// RTL Simulation : 130 / 601 [0.00%] @ "59935000"
// RTL Simulation : 131 / 601 [0.00%] @ "60395000"
// RTL Simulation : 132 / 601 [0.00%] @ "60855000"
// RTL Simulation : 133 / 601 [0.00%] @ "61315000"
// RTL Simulation : 134 / 601 [0.00%] @ "61775000"
// RTL Simulation : 135 / 601 [0.00%] @ "62235000"
// RTL Simulation : 136 / 601 [0.00%] @ "62695000"
// RTL Simulation : 137 / 601 [0.00%] @ "63155000"
// RTL Simulation : 138 / 601 [0.00%] @ "63615000"
// RTL Simulation : 139 / 601 [0.00%] @ "64075000"
// RTL Simulation : 140 / 601 [0.00%] @ "64535000"
// RTL Simulation : 141 / 601 [0.00%] @ "64995000"
// RTL Simulation : 142 / 601 [0.00%] @ "65455000"
// RTL Simulation : 143 / 601 [0.00%] @ "65915000"
// RTL Simulation : 144 / 601 [0.00%] @ "66375000"
// RTL Simulation : 145 / 601 [0.00%] @ "66835000"
// RTL Simulation : 146 / 601 [0.00%] @ "67295000"
// RTL Simulation : 147 / 601 [0.00%] @ "67755000"
// RTL Simulation : 148 / 601 [0.00%] @ "68215000"
// RTL Simulation : 149 / 601 [0.00%] @ "68675000"
// RTL Simulation : 150 / 601 [0.00%] @ "69135000"
// RTL Simulation : 151 / 601 [0.00%] @ "69595000"
// RTL Simulation : 152 / 601 [0.00%] @ "70055000"
// RTL Simulation : 153 / 601 [0.00%] @ "70515000"
// RTL Simulation : 154 / 601 [0.00%] @ "70975000"
// RTL Simulation : 155 / 601 [0.00%] @ "71435000"
// RTL Simulation : 156 / 601 [0.00%] @ "71895000"
// RTL Simulation : 157 / 601 [0.00%] @ "72355000"
// RTL Simulation : 158 / 601 [0.00%] @ "72815000"
// RTL Simulation : 159 / 601 [0.00%] @ "73275000"
// RTL Simulation : 160 / 601 [0.00%] @ "73735000"
// RTL Simulation : 161 / 601 [0.00%] @ "74195000"
// RTL Simulation : 162 / 601 [0.00%] @ "74655000"
// RTL Simulation : 163 / 601 [0.00%] @ "75115000"
// RTL Simulation : 164 / 601 [0.00%] @ "75575000"
// RTL Simulation : 165 / 601 [0.00%] @ "76035000"
// RTL Simulation : 166 / 601 [0.00%] @ "76495000"
// RTL Simulation : 167 / 601 [0.00%] @ "76955000"
// RTL Simulation : 168 / 601 [0.00%] @ "77415000"
// RTL Simulation : 169 / 601 [0.00%] @ "77875000"
// RTL Simulation : 170 / 601 [0.00%] @ "78335000"
// RTL Simulation : 171 / 601 [0.00%] @ "78795000"
// RTL Simulation : 172 / 601 [0.00%] @ "79255000"
// RTL Simulation : 173 / 601 [0.00%] @ "79715000"
// RTL Simulation : 174 / 601 [0.00%] @ "80175000"
// RTL Simulation : 175 / 601 [0.00%] @ "80635000"
// RTL Simulation : 176 / 601 [0.00%] @ "81095000"
// RTL Simulation : 177 / 601 [0.00%] @ "81555000"
// RTL Simulation : 178 / 601 [0.00%] @ "82015000"
// RTL Simulation : 179 / 601 [0.00%] @ "82475000"
// RTL Simulation : 180 / 601 [0.00%] @ "82935000"
// RTL Simulation : 181 / 601 [0.00%] @ "83395000"
// RTL Simulation : 182 / 601 [0.00%] @ "83855000"
// RTL Simulation : 183 / 601 [0.00%] @ "84315000"
// RTL Simulation : 184 / 601 [0.00%] @ "84775000"
// RTL Simulation : 185 / 601 [0.00%] @ "85235000"
// RTL Simulation : 186 / 601 [0.00%] @ "85695000"
// RTL Simulation : 187 / 601 [0.00%] @ "86155000"
// RTL Simulation : 188 / 601 [0.00%] @ "86615000"
// RTL Simulation : 189 / 601 [0.00%] @ "87075000"
// RTL Simulation : 190 / 601 [0.00%] @ "87535000"
// RTL Simulation : 191 / 601 [0.00%] @ "87995000"
// RTL Simulation : 192 / 601 [0.00%] @ "88455000"
// RTL Simulation : 193 / 601 [0.00%] @ "88915000"
// RTL Simulation : 194 / 601 [0.00%] @ "89375000"
// RTL Simulation : 195 / 601 [0.00%] @ "89835000"
// RTL Simulation : 196 / 601 [0.00%] @ "90295000"
// RTL Simulation : 197 / 601 [0.00%] @ "90755000"
// RTL Simulation : 198 / 601 [0.00%] @ "91215000"
// RTL Simulation : 199 / 601 [0.00%] @ "91675000"
// RTL Simulation : 200 / 601 [0.00%] @ "92135000"
// RTL Simulation : 201 / 601 [0.00%] @ "92595000"
// RTL Simulation : 202 / 601 [0.00%] @ "93055000"
// RTL Simulation : 203 / 601 [0.00%] @ "93515000"
// RTL Simulation : 204 / 601 [0.00%] @ "93975000"
// RTL Simulation : 205 / 601 [0.00%] @ "94435000"
// RTL Simulation : 206 / 601 [0.00%] @ "94895000"
// RTL Simulation : 207 / 601 [0.00%] @ "95355000"
// RTL Simulation : 208 / 601 [0.00%] @ "95815000"
// RTL Simulation : 209 / 601 [0.00%] @ "96275000"
// RTL Simulation : 210 / 601 [0.00%] @ "96735000"
// RTL Simulation : 211 / 601 [0.00%] @ "97195000"
// RTL Simulation : 212 / 601 [0.00%] @ "97655000"
// RTL Simulation : 213 / 601 [0.00%] @ "98115000"
// RTL Simulation : 214 / 601 [0.00%] @ "98575000"
// RTL Simulation : 215 / 601 [0.00%] @ "99035000"
// RTL Simulation : 216 / 601 [0.00%] @ "99495000"
// RTL Simulation : 217 / 601 [0.00%] @ "99955000"
// RTL Simulation : 218 / 601 [0.00%] @ "100415000"
// RTL Simulation : 219 / 601 [0.00%] @ "100875000"
// RTL Simulation : 220 / 601 [0.00%] @ "101335000"
// RTL Simulation : 221 / 601 [0.00%] @ "101795000"
// RTL Simulation : 222 / 601 [0.00%] @ "102255000"
// RTL Simulation : 223 / 601 [0.00%] @ "102715000"
// RTL Simulation : 224 / 601 [0.00%] @ "103175000"
// RTL Simulation : 225 / 601 [0.00%] @ "103635000"
// RTL Simulation : 226 / 601 [0.00%] @ "104095000"
// RTL Simulation : 227 / 601 [0.00%] @ "104555000"
// RTL Simulation : 228 / 601 [0.00%] @ "105015000"
// RTL Simulation : 229 / 601 [0.00%] @ "105475000"
// RTL Simulation : 230 / 601 [0.00%] @ "105935000"
// RTL Simulation : 231 / 601 [0.00%] @ "106395000"
// RTL Simulation : 232 / 601 [0.00%] @ "106855000"
// RTL Simulation : 233 / 601 [0.00%] @ "107315000"
// RTL Simulation : 234 / 601 [0.00%] @ "107775000"
// RTL Simulation : 235 / 601 [0.00%] @ "108235000"
// RTL Simulation : 236 / 601 [0.00%] @ "108695000"
// RTL Simulation : 237 / 601 [0.00%] @ "109155000"
// RTL Simulation : 238 / 601 [0.00%] @ "109615000"
// RTL Simulation : 239 / 601 [0.00%] @ "110075000"
// RTL Simulation : 240 / 601 [0.00%] @ "110535000"
// RTL Simulation : 241 / 601 [0.00%] @ "110995000"
// RTL Simulation : 242 / 601 [0.00%] @ "111455000"
// RTL Simulation : 243 / 601 [0.00%] @ "111915000"
// RTL Simulation : 244 / 601 [0.00%] @ "112375000"
// RTL Simulation : 245 / 601 [0.00%] @ "112835000"
// RTL Simulation : 246 / 601 [0.00%] @ "113295000"
// RTL Simulation : 247 / 601 [0.00%] @ "113755000"
// RTL Simulation : 248 / 601 [0.00%] @ "114215000"
// RTL Simulation : 249 / 601 [0.00%] @ "114675000"
// RTL Simulation : 250 / 601 [0.00%] @ "115135000"
// RTL Simulation : 251 / 601 [0.00%] @ "115595000"
// RTL Simulation : 252 / 601 [0.00%] @ "116055000"
// RTL Simulation : 253 / 601 [0.00%] @ "116515000"
// RTL Simulation : 254 / 601 [0.00%] @ "116975000"
// RTL Simulation : 255 / 601 [0.00%] @ "117435000"
// RTL Simulation : 256 / 601 [0.00%] @ "117895000"
// RTL Simulation : 257 / 601 [0.00%] @ "118355000"
// RTL Simulation : 258 / 601 [0.00%] @ "118815000"
// RTL Simulation : 259 / 601 [0.00%] @ "119275000"
// RTL Simulation : 260 / 601 [0.00%] @ "119735000"
// RTL Simulation : 261 / 601 [0.00%] @ "120195000"
// RTL Simulation : 262 / 601 [0.00%] @ "120655000"
// RTL Simulation : 263 / 601 [0.00%] @ "121115000"
// RTL Simulation : 264 / 601 [0.00%] @ "121575000"
// RTL Simulation : 265 / 601 [0.00%] @ "122035000"
// RTL Simulation : 266 / 601 [0.00%] @ "122495000"
// RTL Simulation : 267 / 601 [0.00%] @ "122955000"
// RTL Simulation : 268 / 601 [0.00%] @ "123415000"
// RTL Simulation : 269 / 601 [0.00%] @ "123875000"
// RTL Simulation : 270 / 601 [0.00%] @ "124335000"
// RTL Simulation : 271 / 601 [0.00%] @ "124795000"
// RTL Simulation : 272 / 601 [0.00%] @ "125255000"
// RTL Simulation : 273 / 601 [0.00%] @ "125715000"
// RTL Simulation : 274 / 601 [0.00%] @ "126175000"
// RTL Simulation : 275 / 601 [0.00%] @ "126635000"
// RTL Simulation : 276 / 601 [0.00%] @ "127095000"
// RTL Simulation : 277 / 601 [0.00%] @ "127555000"
// RTL Simulation : 278 / 601 [0.00%] @ "128015000"
// RTL Simulation : 279 / 601 [0.00%] @ "128475000"
// RTL Simulation : 280 / 601 [0.00%] @ "128935000"
// RTL Simulation : 281 / 601 [0.00%] @ "129395000"
// RTL Simulation : 282 / 601 [0.00%] @ "129855000"
// RTL Simulation : 283 / 601 [0.00%] @ "130315000"
// RTL Simulation : 284 / 601 [0.00%] @ "130775000"
// RTL Simulation : 285 / 601 [0.00%] @ "131235000"
// RTL Simulation : 286 / 601 [0.00%] @ "131695000"
// RTL Simulation : 287 / 601 [0.00%] @ "132155000"
// RTL Simulation : 288 / 601 [0.00%] @ "132615000"
// RTL Simulation : 289 / 601 [0.00%] @ "133075000"
// RTL Simulation : 290 / 601 [0.00%] @ "133535000"
// RTL Simulation : 291 / 601 [0.00%] @ "133995000"
// RTL Simulation : 292 / 601 [0.00%] @ "134455000"
// RTL Simulation : 293 / 601 [0.00%] @ "134915000"
// RTL Simulation : 294 / 601 [0.00%] @ "135375000"
// RTL Simulation : 295 / 601 [0.00%] @ "135835000"
// RTL Simulation : 296 / 601 [0.00%] @ "136295000"
// RTL Simulation : 297 / 601 [0.00%] @ "136755000"
// RTL Simulation : 298 / 601 [0.00%] @ "137215000"
// RTL Simulation : 299 / 601 [0.00%] @ "137675000"
// RTL Simulation : 300 / 601 [0.00%] @ "138135000"
// RTL Simulation : 301 / 601 [0.00%] @ "138595000"
// RTL Simulation : 302 / 601 [0.00%] @ "139055000"
// RTL Simulation : 303 / 601 [0.00%] @ "139515000"
// RTL Simulation : 304 / 601 [0.00%] @ "139975000"
// RTL Simulation : 305 / 601 [0.00%] @ "140435000"
// RTL Simulation : 306 / 601 [0.00%] @ "140895000"
// RTL Simulation : 307 / 601 [0.00%] @ "141355000"
// RTL Simulation : 308 / 601 [0.00%] @ "141815000"
// RTL Simulation : 309 / 601 [0.00%] @ "142275000"
// RTL Simulation : 310 / 601 [0.00%] @ "142735000"
// RTL Simulation : 311 / 601 [0.00%] @ "143195000"
// RTL Simulation : 312 / 601 [0.00%] @ "143655000"
// RTL Simulation : 313 / 601 [0.00%] @ "144115000"
// RTL Simulation : 314 / 601 [0.00%] @ "144575000"
// RTL Simulation : 315 / 601 [0.00%] @ "145035000"
// RTL Simulation : 316 / 601 [0.00%] @ "145495000"
// RTL Simulation : 317 / 601 [0.00%] @ "145955000"
// RTL Simulation : 318 / 601 [0.00%] @ "146415000"
// RTL Simulation : 319 / 601 [0.00%] @ "146875000"
// RTL Simulation : 320 / 601 [0.00%] @ "147335000"
// RTL Simulation : 321 / 601 [0.00%] @ "147795000"
// RTL Simulation : 322 / 601 [0.00%] @ "148255000"
// RTL Simulation : 323 / 601 [0.00%] @ "148715000"
// RTL Simulation : 324 / 601 [0.00%] @ "149175000"
// RTL Simulation : 325 / 601 [0.00%] @ "149635000"
// RTL Simulation : 326 / 601 [0.00%] @ "150095000"
// RTL Simulation : 327 / 601 [0.00%] @ "150555000"
// RTL Simulation : 328 / 601 [0.00%] @ "151015000"
// RTL Simulation : 329 / 601 [0.00%] @ "151475000"
// RTL Simulation : 330 / 601 [0.00%] @ "151935000"
// RTL Simulation : 331 / 601 [0.00%] @ "152395000"
// RTL Simulation : 332 / 601 [0.00%] @ "152855000"
// RTL Simulation : 333 / 601 [0.00%] @ "153315000"
// RTL Simulation : 334 / 601 [0.00%] @ "153775000"
// RTL Simulation : 335 / 601 [0.00%] @ "154235000"
// RTL Simulation : 336 / 601 [0.00%] @ "154695000"
// RTL Simulation : 337 / 601 [0.00%] @ "155155000"
// RTL Simulation : 338 / 601 [0.00%] @ "155615000"
// RTL Simulation : 339 / 601 [0.00%] @ "156075000"
// RTL Simulation : 340 / 601 [0.00%] @ "156535000"
// RTL Simulation : 341 / 601 [0.00%] @ "156995000"
// RTL Simulation : 342 / 601 [0.00%] @ "157455000"
// RTL Simulation : 343 / 601 [0.00%] @ "157915000"
// RTL Simulation : 344 / 601 [0.00%] @ "158375000"
// RTL Simulation : 345 / 601 [0.00%] @ "158835000"
// RTL Simulation : 346 / 601 [0.00%] @ "159295000"
// RTL Simulation : 347 / 601 [0.00%] @ "159755000"
// RTL Simulation : 348 / 601 [0.00%] @ "160215000"
// RTL Simulation : 349 / 601 [0.00%] @ "160675000"
// RTL Simulation : 350 / 601 [0.00%] @ "161135000"
// RTL Simulation : 351 / 601 [0.00%] @ "161595000"
// RTL Simulation : 352 / 601 [0.00%] @ "162055000"
// RTL Simulation : 353 / 601 [0.00%] @ "162515000"
// RTL Simulation : 354 / 601 [0.00%] @ "162975000"
// RTL Simulation : 355 / 601 [0.00%] @ "163435000"
// RTL Simulation : 356 / 601 [0.00%] @ "163895000"
// RTL Simulation : 357 / 601 [0.00%] @ "164355000"
// RTL Simulation : 358 / 601 [0.00%] @ "164815000"
// RTL Simulation : 359 / 601 [0.00%] @ "165275000"
// RTL Simulation : 360 / 601 [0.00%] @ "165735000"
// RTL Simulation : 361 / 601 [0.00%] @ "166195000"
// RTL Simulation : 362 / 601 [0.00%] @ "166655000"
// RTL Simulation : 363 / 601 [0.00%] @ "167115000"
// RTL Simulation : 364 / 601 [0.00%] @ "167575000"
// RTL Simulation : 365 / 601 [0.00%] @ "168035000"
// RTL Simulation : 366 / 601 [0.00%] @ "168495000"
// RTL Simulation : 367 / 601 [0.00%] @ "168955000"
// RTL Simulation : 368 / 601 [0.00%] @ "169415000"
// RTL Simulation : 369 / 601 [0.00%] @ "169875000"
// RTL Simulation : 370 / 601 [0.00%] @ "170335000"
// RTL Simulation : 371 / 601 [0.00%] @ "170795000"
// RTL Simulation : 372 / 601 [0.00%] @ "171255000"
// RTL Simulation : 373 / 601 [0.00%] @ "171715000"
// RTL Simulation : 374 / 601 [0.00%] @ "172175000"
// RTL Simulation : 375 / 601 [0.00%] @ "172635000"
// RTL Simulation : 376 / 601 [0.00%] @ "173095000"
// RTL Simulation : 377 / 601 [0.00%] @ "173555000"
// RTL Simulation : 378 / 601 [0.00%] @ "174015000"
// RTL Simulation : 379 / 601 [0.00%] @ "174475000"
// RTL Simulation : 380 / 601 [0.00%] @ "174935000"
// RTL Simulation : 381 / 601 [0.00%] @ "175395000"
// RTL Simulation : 382 / 601 [0.00%] @ "175855000"
// RTL Simulation : 383 / 601 [0.00%] @ "176315000"
// RTL Simulation : 384 / 601 [0.00%] @ "176775000"
// RTL Simulation : 385 / 601 [0.00%] @ "177235000"
// RTL Simulation : 386 / 601 [0.00%] @ "177695000"
// RTL Simulation : 387 / 601 [0.00%] @ "178155000"
// RTL Simulation : 388 / 601 [0.00%] @ "178615000"
// RTL Simulation : 389 / 601 [0.00%] @ "179075000"
// RTL Simulation : 390 / 601 [0.00%] @ "179535000"
// RTL Simulation : 391 / 601 [0.00%] @ "179995000"
// RTL Simulation : 392 / 601 [0.00%] @ "180455000"
// RTL Simulation : 393 / 601 [0.00%] @ "180915000"
// RTL Simulation : 394 / 601 [0.00%] @ "181375000"
// RTL Simulation : 395 / 601 [0.00%] @ "181835000"
// RTL Simulation : 396 / 601 [0.00%] @ "182295000"
// RTL Simulation : 397 / 601 [0.00%] @ "182755000"
// RTL Simulation : 398 / 601 [0.00%] @ "183215000"
// RTL Simulation : 399 / 601 [0.00%] @ "183675000"
// RTL Simulation : 400 / 601 [0.00%] @ "184135000"
// RTL Simulation : 401 / 601 [0.00%] @ "184595000"
// RTL Simulation : 402 / 601 [0.00%] @ "185055000"
// RTL Simulation : 403 / 601 [0.00%] @ "185515000"
// RTL Simulation : 404 / 601 [0.00%] @ "185975000"
// RTL Simulation : 405 / 601 [0.00%] @ "186435000"
// RTL Simulation : 406 / 601 [0.00%] @ "186895000"
// RTL Simulation : 407 / 601 [0.00%] @ "187355000"
// RTL Simulation : 408 / 601 [0.00%] @ "187815000"
// RTL Simulation : 409 / 601 [0.00%] @ "188275000"
// RTL Simulation : 410 / 601 [0.00%] @ "188735000"
// RTL Simulation : 411 / 601 [0.00%] @ "189195000"
// RTL Simulation : 412 / 601 [0.00%] @ "189655000"
// RTL Simulation : 413 / 601 [0.00%] @ "190115000"
// RTL Simulation : 414 / 601 [0.00%] @ "190575000"
// RTL Simulation : 415 / 601 [0.00%] @ "191035000"
// RTL Simulation : 416 / 601 [0.00%] @ "191495000"
// RTL Simulation : 417 / 601 [0.00%] @ "191955000"
// RTL Simulation : 418 / 601 [0.00%] @ "192415000"
// RTL Simulation : 419 / 601 [0.00%] @ "192875000"
// RTL Simulation : 420 / 601 [0.00%] @ "193335000"
// RTL Simulation : 421 / 601 [0.00%] @ "193795000"
// RTL Simulation : 422 / 601 [0.00%] @ "194255000"
// RTL Simulation : 423 / 601 [0.00%] @ "194715000"
// RTL Simulation : 424 / 601 [0.00%] @ "195175000"
// RTL Simulation : 425 / 601 [0.00%] @ "195635000"
// RTL Simulation : 426 / 601 [0.00%] @ "196095000"
// RTL Simulation : 427 / 601 [0.00%] @ "196555000"
// RTL Simulation : 428 / 601 [0.00%] @ "197015000"
// RTL Simulation : 429 / 601 [0.00%] @ "197475000"
// RTL Simulation : 430 / 601 [0.00%] @ "197935000"
// RTL Simulation : 431 / 601 [0.00%] @ "198395000"
// RTL Simulation : 432 / 601 [0.00%] @ "198855000"
// RTL Simulation : 433 / 601 [0.00%] @ "199315000"
// RTL Simulation : 434 / 601 [0.00%] @ "199775000"
// RTL Simulation : 435 / 601 [0.00%] @ "200235000"
// RTL Simulation : 436 / 601 [0.00%] @ "200695000"
// RTL Simulation : 437 / 601 [0.00%] @ "201155000"
// RTL Simulation : 438 / 601 [0.00%] @ "201615000"
// RTL Simulation : 439 / 601 [0.00%] @ "202075000"
// RTL Simulation : 440 / 601 [0.00%] @ "202535000"
// RTL Simulation : 441 / 601 [0.00%] @ "202995000"
// RTL Simulation : 442 / 601 [0.00%] @ "203455000"
// RTL Simulation : 443 / 601 [0.00%] @ "203915000"
// RTL Simulation : 444 / 601 [0.00%] @ "204375000"
// RTL Simulation : 445 / 601 [0.00%] @ "204835000"
// RTL Simulation : 446 / 601 [0.00%] @ "205295000"
// RTL Simulation : 447 / 601 [0.00%] @ "205755000"
// RTL Simulation : 448 / 601 [0.00%] @ "206215000"
// RTL Simulation : 449 / 601 [0.00%] @ "206675000"
// RTL Simulation : 450 / 601 [0.00%] @ "207135000"
// RTL Simulation : 451 / 601 [0.00%] @ "207595000"
// RTL Simulation : 452 / 601 [0.00%] @ "208055000"
// RTL Simulation : 453 / 601 [0.00%] @ "208515000"
// RTL Simulation : 454 / 601 [0.00%] @ "208975000"
// RTL Simulation : 455 / 601 [0.00%] @ "209435000"
// RTL Simulation : 456 / 601 [0.00%] @ "209895000"
// RTL Simulation : 457 / 601 [0.00%] @ "210355000"
// RTL Simulation : 458 / 601 [0.00%] @ "210815000"
// RTL Simulation : 459 / 601 [0.00%] @ "211275000"
// RTL Simulation : 460 / 601 [0.00%] @ "211735000"
// RTL Simulation : 461 / 601 [0.00%] @ "212195000"
// RTL Simulation : 462 / 601 [0.00%] @ "212655000"
// RTL Simulation : 463 / 601 [0.00%] @ "213115000"
// RTL Simulation : 464 / 601 [0.00%] @ "213575000"
// RTL Simulation : 465 / 601 [0.00%] @ "214035000"
// RTL Simulation : 466 / 601 [0.00%] @ "214495000"
// RTL Simulation : 467 / 601 [0.00%] @ "214955000"
// RTL Simulation : 468 / 601 [0.00%] @ "215415000"
// RTL Simulation : 469 / 601 [0.00%] @ "215875000"
// RTL Simulation : 470 / 601 [0.00%] @ "216335000"
// RTL Simulation : 471 / 601 [0.00%] @ "216795000"
// RTL Simulation : 472 / 601 [0.00%] @ "217255000"
// RTL Simulation : 473 / 601 [0.00%] @ "217715000"
// RTL Simulation : 474 / 601 [0.00%] @ "218175000"
// RTL Simulation : 475 / 601 [0.00%] @ "218635000"
// RTL Simulation : 476 / 601 [0.00%] @ "219095000"
// RTL Simulation : 477 / 601 [0.00%] @ "219555000"
// RTL Simulation : 478 / 601 [0.00%] @ "220015000"
// RTL Simulation : 479 / 601 [0.00%] @ "220475000"
// RTL Simulation : 480 / 601 [0.00%] @ "220935000"
// RTL Simulation : 481 / 601 [0.00%] @ "221395000"
// RTL Simulation : 482 / 601 [0.00%] @ "221855000"
// RTL Simulation : 483 / 601 [0.00%] @ "222315000"
// RTL Simulation : 484 / 601 [0.00%] @ "222775000"
// RTL Simulation : 485 / 601 [0.00%] @ "223235000"
// RTL Simulation : 486 / 601 [0.00%] @ "223695000"
// RTL Simulation : 487 / 601 [0.00%] @ "224155000"
// RTL Simulation : 488 / 601 [0.00%] @ "224615000"
// RTL Simulation : 489 / 601 [0.00%] @ "225075000"
// RTL Simulation : 490 / 601 [0.00%] @ "225535000"
// RTL Simulation : 491 / 601 [0.00%] @ "225995000"
// RTL Simulation : 492 / 601 [0.00%] @ "226455000"
// RTL Simulation : 493 / 601 [0.00%] @ "226915000"
// RTL Simulation : 494 / 601 [0.00%] @ "227375000"
// RTL Simulation : 495 / 601 [0.00%] @ "227835000"
// RTL Simulation : 496 / 601 [0.00%] @ "228295000"
// RTL Simulation : 497 / 601 [0.00%] @ "228755000"
// RTL Simulation : 498 / 601 [0.00%] @ "229215000"
// RTL Simulation : 499 / 601 [0.00%] @ "229675000"
// RTL Simulation : 500 / 601 [0.00%] @ "230135000"
// RTL Simulation : 501 / 601 [0.00%] @ "230595000"
// RTL Simulation : 502 / 601 [0.00%] @ "231055000"
// RTL Simulation : 503 / 601 [0.00%] @ "231515000"
// RTL Simulation : 504 / 601 [0.00%] @ "231975000"
// RTL Simulation : 505 / 601 [0.00%] @ "232435000"
// RTL Simulation : 506 / 601 [0.00%] @ "232895000"
// RTL Simulation : 507 / 601 [0.00%] @ "233355000"
// RTL Simulation : 508 / 601 [0.00%] @ "233815000"
// RTL Simulation : 509 / 601 [0.00%] @ "234275000"
// RTL Simulation : 510 / 601 [0.00%] @ "234735000"
// RTL Simulation : 511 / 601 [0.00%] @ "235195000"
// RTL Simulation : 512 / 601 [0.00%] @ "235655000"
// RTL Simulation : 513 / 601 [0.00%] @ "236115000"
// RTL Simulation : 514 / 601 [0.00%] @ "236575000"
// RTL Simulation : 515 / 601 [0.00%] @ "237035000"
// RTL Simulation : 516 / 601 [0.00%] @ "237495000"
// RTL Simulation : 517 / 601 [0.00%] @ "237955000"
// RTL Simulation : 518 / 601 [0.00%] @ "238415000"
// RTL Simulation : 519 / 601 [0.00%] @ "238875000"
// RTL Simulation : 520 / 601 [0.00%] @ "239335000"
// RTL Simulation : 521 / 601 [0.00%] @ "239795000"
// RTL Simulation : 522 / 601 [0.00%] @ "240255000"
// RTL Simulation : 523 / 601 [0.00%] @ "240715000"
// RTL Simulation : 524 / 601 [0.00%] @ "241175000"
// RTL Simulation : 525 / 601 [0.00%] @ "241635000"
// RTL Simulation : 526 / 601 [0.00%] @ "242095000"
// RTL Simulation : 527 / 601 [0.00%] @ "242555000"
// RTL Simulation : 528 / 601 [0.00%] @ "243015000"
// RTL Simulation : 529 / 601 [0.00%] @ "243475000"
// RTL Simulation : 530 / 601 [0.00%] @ "243935000"
// RTL Simulation : 531 / 601 [0.00%] @ "244395000"
// RTL Simulation : 532 / 601 [0.00%] @ "244855000"
// RTL Simulation : 533 / 601 [0.00%] @ "245315000"
// RTL Simulation : 534 / 601 [0.00%] @ "245775000"
// RTL Simulation : 535 / 601 [0.00%] @ "246235000"
// RTL Simulation : 536 / 601 [0.00%] @ "246695000"
// RTL Simulation : 537 / 601 [0.00%] @ "247155000"
// RTL Simulation : 538 / 601 [0.00%] @ "247615000"
// RTL Simulation : 539 / 601 [0.00%] @ "248075000"
// RTL Simulation : 540 / 601 [0.00%] @ "248535000"
// RTL Simulation : 541 / 601 [0.00%] @ "248995000"
// RTL Simulation : 542 / 601 [0.00%] @ "249455000"
// RTL Simulation : 543 / 601 [0.00%] @ "249915000"
// RTL Simulation : 544 / 601 [0.00%] @ "250375000"
// RTL Simulation : 545 / 601 [0.00%] @ "250835000"
// RTL Simulation : 546 / 601 [0.00%] @ "251295000"
// RTL Simulation : 547 / 601 [0.00%] @ "251755000"
// RTL Simulation : 548 / 601 [0.00%] @ "252215000"
// RTL Simulation : 549 / 601 [0.00%] @ "252675000"
// RTL Simulation : 550 / 601 [0.00%] @ "253135000"
// RTL Simulation : 551 / 601 [0.00%] @ "253595000"
// RTL Simulation : 552 / 601 [0.00%] @ "254055000"
// RTL Simulation : 553 / 601 [0.00%] @ "254515000"
// RTL Simulation : 554 / 601 [0.00%] @ "254975000"
// RTL Simulation : 555 / 601 [0.00%] @ "255435000"
// RTL Simulation : 556 / 601 [0.00%] @ "255895000"
// RTL Simulation : 557 / 601 [0.00%] @ "256355000"
// RTL Simulation : 558 / 601 [0.00%] @ "256815000"
// RTL Simulation : 559 / 601 [0.00%] @ "257275000"
// RTL Simulation : 560 / 601 [0.00%] @ "257735000"
// RTL Simulation : 561 / 601 [0.00%] @ "258195000"
// RTL Simulation : 562 / 601 [0.00%] @ "258655000"
// RTL Simulation : 563 / 601 [0.00%] @ "259115000"
// RTL Simulation : 564 / 601 [0.00%] @ "259575000"
// RTL Simulation : 565 / 601 [0.00%] @ "260035000"
// RTL Simulation : 566 / 601 [0.00%] @ "260495000"
// RTL Simulation : 567 / 601 [0.00%] @ "260955000"
// RTL Simulation : 568 / 601 [0.00%] @ "261415000"
// RTL Simulation : 569 / 601 [0.00%] @ "261875000"
// RTL Simulation : 570 / 601 [0.00%] @ "262335000"
// RTL Simulation : 571 / 601 [0.00%] @ "262795000"
// RTL Simulation : 572 / 601 [0.00%] @ "263255000"
// RTL Simulation : 573 / 601 [0.00%] @ "263715000"
// RTL Simulation : 574 / 601 [0.00%] @ "264175000"
// RTL Simulation : 575 / 601 [0.00%] @ "264635000"
// RTL Simulation : 576 / 601 [0.00%] @ "265095000"
// RTL Simulation : 577 / 601 [0.00%] @ "265555000"
// RTL Simulation : 578 / 601 [0.00%] @ "266015000"
// RTL Simulation : 579 / 601 [0.00%] @ "266475000"
// RTL Simulation : 580 / 601 [0.00%] @ "266935000"
// RTL Simulation : 581 / 601 [0.00%] @ "267395000"
// RTL Simulation : 582 / 601 [0.00%] @ "267855000"
// RTL Simulation : 583 / 601 [0.00%] @ "268315000"
// RTL Simulation : 584 / 601 [0.00%] @ "268775000"
// RTL Simulation : 585 / 601 [0.00%] @ "269235000"
// RTL Simulation : 586 / 601 [0.00%] @ "269695000"
// RTL Simulation : 587 / 601 [0.00%] @ "270155000"
// RTL Simulation : 588 / 601 [0.00%] @ "270615000"
// RTL Simulation : 589 / 601 [0.00%] @ "271075000"
// RTL Simulation : 590 / 601 [0.00%] @ "271535000"
// RTL Simulation : 591 / 601 [0.00%] @ "271995000"
// RTL Simulation : 592 / 601 [0.00%] @ "272455000"
// RTL Simulation : 593 / 601 [0.00%] @ "272915000"
// RTL Simulation : 594 / 601 [0.00%] @ "273375000"
// RTL Simulation : 595 / 601 [0.00%] @ "273835000"
// RTL Simulation : 596 / 601 [0.00%] @ "274295000"
// RTL Simulation : 597 / 601 [0.00%] @ "274755000"
// RTL Simulation : 598 / 601 [0.00%] @ "275215000"
// RTL Simulation : 599 / 601 [0.00%] @ "275675000"
// RTL Simulation : 600 / 601 [0.00%] @ "276135000"
// RTL Simulation : 601 / 601 [0.00%] @ "276595000"
////////////////////////////////////////////////////////////////////////////////////
$finish called at time : 276635 ns : File "C:/Users/markb/Source/Repos/FPGA_Sandbox/RecComp/Lab2/ug871-design-files/Introduction/lab1/fir_prj/solution1/sim/verilog/fir.autotb.v" Line 335
## quit
INFO: [Common 17-206] Exiting xsim at Tue Sep 26 15:59:04 2017...
Comparing against output data 
*******************************************
PASS: The output matches the golden output!
*******************************************
