                             latency        interval
transaction       0:              45              46
transaction       1:              45              46
transaction       2:              45              46
transaction       3:              45              46
transaction       4:              45              46
transaction       5:              45              46
transaction       6:              45              46
transaction       7:              45              46
transaction       8:              45              46
transaction       9:              45              46
transaction      10:              45              46
transaction      11:              45              46
transaction      12:              45              46
transaction      13:              45              46
transaction      14:              45              46
transaction      15:              45              46
transaction      16:              45              46
transaction      17:              45              46
transaction      18:              45              46
transaction      19:              45              46
transaction      20:              45              46
transaction      21:              45              46
transaction      22:              45              46
transaction      23:              45              46
transaction      24:              45              46
transaction      25:              45              46
transaction      26:              45              46
transaction      27:              45              46
transaction      28:              45              46
transaction      29:              45              46
transaction      30:              45              46
transaction      31:              45              46
transaction      32:              45              46
transaction      33:              45              46
transaction      34:              45              46
transaction      35:              45              46
transaction      36:              45              46
transaction      37:              45              46
transaction      38:              45              46
transaction      39:              45              46
transaction      40:              45              46
transaction      41:              45              46
transaction      42:              45              46
transaction      43:              45              46
transaction      44:              45              46
transaction      45:              45              46
transaction      46:              45              46
transaction      47:              45              46
transaction      48:              45              46
transaction      49:              45              46
transaction      50:              45              46
transaction      51:              45              46
transaction      52:              45              46
transaction      53:              45              46
transaction      54:              45              46
transaction      55:              45              46
transaction      56:              45              46
transaction      57:              45              46
transaction      58:              45              46
transaction      59:              45              46
transaction      60:              45              46
transaction      61:              45              46
transaction      62:              45              46
transaction      63:              45              46
transaction      64:              45              46
transaction      65:              45              46
transaction      66:              45              46
transaction      67:              45              46
transaction      68:              45              46
transaction      69:              45              46
transaction      70:              45              46
transaction      71:              45              46
transaction      72:              45              46
transaction      73:              45              46
transaction      74:              45              46
transaction      75:              45              46
transaction      76:              45              46
transaction      77:              45              46
transaction      78:              45              46
transaction      79:              45              46
transaction      80:              45              46
transaction      81:              45              46
transaction      82:              45              46
transaction      83:              45              46
transaction      84:              45              46
transaction      85:              45              46
transaction      86:              45              46
transaction      87:              45              46
transaction      88:              45              46
transaction      89:              45              46
transaction      90:              45              46
transaction      91:              45              46
transaction      92:              45              46
transaction      93:              45              46
transaction      94:              45              46
transaction      95:              45              46
transaction      96:              45              46
transaction      97:              45              46
transaction      98:              45              46
transaction      99:              45              46
transaction     100:              45              46
transaction     101:              45              46
transaction     102:              45              46
transaction     103:              45              46
transaction     104:              45              46
transaction     105:              45              46
transaction     106:              45              46
transaction     107:              45              46
transaction     108:              45              46
transaction     109:              45              46
transaction     110:              45              46
transaction     111:              45              46
transaction     112:              45              46
transaction     113:              45              46
transaction     114:              45              46
transaction     115:              45              46
transaction     116:              45              46
transaction     117:              45              46
transaction     118:              45              46
transaction     119:              45              46
transaction     120:              45              46
transaction     121:              45              46
transaction     122:              45              46
transaction     123:              45              46
transaction     124:              45              46
transaction     125:              45              46
transaction     126:              45              46
transaction     127:              45              46
transaction     128:              45              46
transaction     129:              45              46
transaction     130:              45              46
transaction     131:              45              46
transaction     132:              45              46
transaction     133:              45              46
transaction     134:              45              46
transaction     135:              45              46
transaction     136:              45              46
transaction     137:              45              46
transaction     138:              45              46
transaction     139:              45              46
transaction     140:              45              46
transaction     141:              45              46
transaction     142:              45              46
transaction     143:              45              46
transaction     144:              45              46
transaction     145:              45              46
transaction     146:              45              46
transaction     147:              45              46
transaction     148:              45              46
transaction     149:              45              46
transaction     150:              45              46
transaction     151:              45              46
transaction     152:              45              46
transaction     153:              45              46
transaction     154:              45              46
transaction     155:              45              46
transaction     156:              45              46
transaction     157:              45              46
transaction     158:              45              46
transaction     159:              45              46
transaction     160:              45              46
transaction     161:              45              46
transaction     162:              45              46
transaction     163:              45              46
transaction     164:              45              46
transaction     165:              45              46
transaction     166:              45              46
transaction     167:              45              46
transaction     168:              45              46
transaction     169:              45              46
transaction     170:              45              46
transaction     171:              45              46
transaction     172:              45              46
transaction     173:              45              46
transaction     174:              45              46
transaction     175:              45              46
transaction     176:              45              46
transaction     177:              45              46
transaction     178:              45              46
transaction     179:              45              46
transaction     180:              45              46
transaction     181:              45              46
transaction     182:              45              46
transaction     183:              45              46
transaction     184:              45              46
transaction     185:              45              46
transaction     186:              45              46
transaction     187:              45              46
transaction     188:              45              46
transaction     189:              45              46
transaction     190:              45              46
transaction     191:              45              46
transaction     192:              45              46
transaction     193:              45              46
transaction     194:              45              46
transaction     195:              45              46
transaction     196:              45              46
transaction     197:              45              46
transaction     198:              45              46
transaction     199:              45              46
transaction     200:              45              46
transaction     201:              45              46
transaction     202:              45              46
transaction     203:              45              46
transaction     204:              45              46
transaction     205:              45              46
transaction     206:              45              46
transaction     207:              45              46
transaction     208:              45              46
transaction     209:              45              46
transaction     210:              45              46
transaction     211:              45              46
transaction     212:              45              46
transaction     213:              45              46
transaction     214:              45              46
transaction     215:              45              46
transaction     216:              45              46
transaction     217:              45              46
transaction     218:              45              46
transaction     219:              45              46
transaction     220:              45              46
transaction     221:              45              46
transaction     222:              45              46
transaction     223:              45              46
transaction     224:              45              46
transaction     225:              45              46
transaction     226:              45              46
transaction     227:              45              46
transaction     228:              45              46
transaction     229:              45              46
transaction     230:              45              46
transaction     231:              45              46
transaction     232:              45              46
transaction     233:              45              46
transaction     234:              45              46
transaction     235:              45              46
transaction     236:              45              46
transaction     237:              45              46
transaction     238:              45              46
transaction     239:              45              46
transaction     240:              45              46
transaction     241:              45              46
transaction     242:              45              46
transaction     243:              45              46
transaction     244:              45              46
transaction     245:              45              46
transaction     246:              45              46
transaction     247:              45              46
transaction     248:              45              46
transaction     249:              45              46
transaction     250:              45              46
transaction     251:              45              46
transaction     252:              45              46
transaction     253:              45              46
transaction     254:              45              46
transaction     255:              45              46
transaction     256:              45              46
transaction     257:              45              46
transaction     258:              45              46
transaction     259:              45              46
transaction     260:              45              46
transaction     261:              45              46
transaction     262:              45              46
transaction     263:              45              46
transaction     264:              45              46
transaction     265:              45              46
transaction     266:              45              46
transaction     267:              45              46
transaction     268:              45              46
transaction     269:              45              46
transaction     270:              45              46
transaction     271:              45              46
transaction     272:              45              46
transaction     273:              45              46
transaction     274:              45              46
transaction     275:              45              46
transaction     276:              45              46
transaction     277:              45              46
transaction     278:              45              46
transaction     279:              45              46
transaction     280:              45              46
transaction     281:              45              46
transaction     282:              45              46
transaction     283:              45              46
transaction     284:              45              46
transaction     285:              45              46
transaction     286:              45              46
transaction     287:              45              46
transaction     288:              45              46
transaction     289:              45              46
transaction     290:              45              46
transaction     291:              45              46
transaction     292:              45              46
transaction     293:              45              46
transaction     294:              45              46
transaction     295:              45              46
transaction     296:              45              46
transaction     297:              45              46
transaction     298:              45              46
transaction     299:              45              46
transaction     300:              45              46
transaction     301:              45              46
transaction     302:              45              46
transaction     303:              45              46
transaction     304:              45              46
transaction     305:              45              46
transaction     306:              45              46
transaction     307:              45              46
transaction     308:              45              46
transaction     309:              45              46
transaction     310:              45              46
transaction     311:              45              46
transaction     312:              45              46
transaction     313:              45              46
transaction     314:              45              46
transaction     315:              45              46
transaction     316:              45              46
transaction     317:              45              46
transaction     318:              45              46
transaction     319:              45              46
transaction     320:              45              46
transaction     321:              45              46
transaction     322:              45              46
transaction     323:              45              46
transaction     324:              45              46
transaction     325:              45              46
transaction     326:              45              46
transaction     327:              45              46
transaction     328:              45              46
transaction     329:              45              46
transaction     330:              45              46
transaction     331:              45              46
transaction     332:              45              46
transaction     333:              45              46
transaction     334:              45              46
transaction     335:              45              46
transaction     336:              45              46
transaction     337:              45              46
transaction     338:              45              46
transaction     339:              45              46
transaction     340:              45              46
transaction     341:              45              46
transaction     342:              45              46
transaction     343:              45              46
transaction     344:              45              46
transaction     345:              45              46
transaction     346:              45              46
transaction     347:              45              46
transaction     348:              45              46
transaction     349:              45              46
transaction     350:              45              46
transaction     351:              45              46
transaction     352:              45              46
transaction     353:              45              46
transaction     354:              45              46
transaction     355:              45              46
transaction     356:              45              46
transaction     357:              45              46
transaction     358:              45              46
transaction     359:              45              46
transaction     360:              45              46
transaction     361:              45              46
transaction     362:              45              46
transaction     363:              45              46
transaction     364:              45              46
transaction     365:              45              46
transaction     366:              45              46
transaction     367:              45              46
transaction     368:              45              46
transaction     369:              45              46
transaction     370:              45              46
transaction     371:              45              46
transaction     372:              45              46
transaction     373:              45              46
transaction     374:              45              46
transaction     375:              45              46
transaction     376:              45              46
transaction     377:              45              46
transaction     378:              45              46
transaction     379:              45              46
transaction     380:              45              46
transaction     381:              45              46
transaction     382:              45              46
transaction     383:              45              46
transaction     384:              45              46
transaction     385:              45              46
transaction     386:              45              46
transaction     387:              45              46
transaction     388:              45              46
transaction     389:              45              46
transaction     390:              45              46
transaction     391:              45              46
transaction     392:              45              46
transaction     393:              45              46
transaction     394:              45              46
transaction     395:              45              46
transaction     396:              45              46
transaction     397:              45              46
transaction     398:              45              46
transaction     399:              45              46
transaction     400:              45              46
transaction     401:              45              46
transaction     402:              45              46
transaction     403:              45              46
transaction     404:              45              46
transaction     405:              45              46
transaction     406:              45              46
transaction     407:              45              46
transaction     408:              45              46
transaction     409:              45              46
transaction     410:              45              46
transaction     411:              45              46
transaction     412:              45              46
transaction     413:              45              46
transaction     414:              45              46
transaction     415:              45              46
transaction     416:              45              46
transaction     417:              45              46
transaction     418:              45              46
transaction     419:              45              46
transaction     420:              45              46
transaction     421:              45              46
transaction     422:              45              46
transaction     423:              45              46
transaction     424:              45              46
transaction     425:              45              46
transaction     426:              45              46
transaction     427:              45              46
transaction     428:              45              46
transaction     429:              45              46
transaction     430:              45              46
transaction     431:              45              46
transaction     432:              45              46
transaction     433:              45              46
transaction     434:              45              46
transaction     435:              45              46
transaction     436:              45              46
transaction     437:              45              46
transaction     438:              45              46
transaction     439:              45              46
transaction     440:              45              46
transaction     441:              45              46
transaction     442:              45              46
transaction     443:              45              46
transaction     444:              45              46
transaction     445:              45              46
transaction     446:              45              46
transaction     447:              45              46
transaction     448:              45              46
transaction     449:              45              46
transaction     450:              45              46
transaction     451:              45              46
transaction     452:              45              46
transaction     453:              45              46
transaction     454:              45              46
transaction     455:              45              46
transaction     456:              45              46
transaction     457:              45              46
transaction     458:              45              46
transaction     459:              45              46
transaction     460:              45              46
transaction     461:              45              46
transaction     462:              45              46
transaction     463:              45              46
transaction     464:              45              46
transaction     465:              45              46
transaction     466:              45              46
transaction     467:              45              46
transaction     468:              45              46
transaction     469:              45              46
transaction     470:              45              46
transaction     471:              45              46
transaction     472:              45              46
transaction     473:              45              46
transaction     474:              45              46
transaction     475:              45              46
transaction     476:              45              46
transaction     477:              45              46
transaction     478:              45              46
transaction     479:              45              46
transaction     480:              45              46
transaction     481:              45              46
transaction     482:              45              46
transaction     483:              45              46
transaction     484:              45              46
transaction     485:              45              46
transaction     486:              45              46
transaction     487:              45              46
transaction     488:              45              46
transaction     489:              45              46
transaction     490:              45              46
transaction     491:              45              46
transaction     492:              45              46
transaction     493:              45              46
transaction     494:              45              46
transaction     495:              45              46
transaction     496:              45              46
transaction     497:              45              46
transaction     498:              45              46
transaction     499:              45              46
transaction     500:              45              46
transaction     501:              45              46
transaction     502:              45              46
transaction     503:              45              46
transaction     504:              45              46
transaction     505:              45              46
transaction     506:              45              46
transaction     507:              45              46
transaction     508:              45              46
transaction     509:              45              46
transaction     510:              45              46
transaction     511:              45              46
transaction     512:              45              46
transaction     513:              45              46
transaction     514:              45              46
transaction     515:              45              46
transaction     516:              45              46
transaction     517:              45              46
transaction     518:              45              46
transaction     519:              45              46
transaction     520:              45              46
transaction     521:              45              46
transaction     522:              45              46
transaction     523:              45              46
transaction     524:              45              46
transaction     525:              45              46
transaction     526:              45              46
transaction     527:              45              46
transaction     528:              45              46
transaction     529:              45              46
transaction     530:              45              46
transaction     531:              45              46
transaction     532:              45              46
transaction     533:              45              46
transaction     534:              45              46
transaction     535:              45              46
transaction     536:              45              46
transaction     537:              45              46
transaction     538:              45              46
transaction     539:              45              46
transaction     540:              45              46
transaction     541:              45              46
transaction     542:              45              46
transaction     543:              45              46
transaction     544:              45              46
transaction     545:              45              46
transaction     546:              45              46
transaction     547:              45              46
transaction     548:              45              46
transaction     549:              45              46
transaction     550:              45              46
transaction     551:              45              46
transaction     552:              45              46
transaction     553:              45              46
transaction     554:              45              46
transaction     555:              45              46
transaction     556:              45              46
transaction     557:              45              46
transaction     558:              45              46
transaction     559:              45              46
transaction     560:              45              46
transaction     561:              45              46
transaction     562:              45              46
transaction     563:              45              46
transaction     564:              45              46
transaction     565:              45              46
transaction     566:              45              46
transaction     567:              45              46
transaction     568:              45              46
transaction     569:              45              46
transaction     570:              45              46
transaction     571:              45              46
transaction     572:              45              46
transaction     573:              45              46
transaction     574:              45              46
transaction     575:              45              46
transaction     576:              45              46
transaction     577:              45              46
transaction     578:              45              46
transaction     579:              45              46
transaction     580:              45              46
transaction     581:              45              46
transaction     582:              45              46
transaction     583:              45              46
transaction     584:              45              46
transaction     585:              45              46
transaction     586:              45              46
transaction     587:              45              46
transaction     588:              45              46
transaction     589:              45              46
transaction     590:              45              46
transaction     591:              45              46
transaction     592:              45              46
transaction     593:              45              46
transaction     594:              45              46
transaction     595:              45              46
transaction     596:              45              46
transaction     597:              45              46
transaction     598:              45              46
transaction     599:              45              46
transaction     600:              45               x
