

================================================================
== Vivado HLS Report for 'matrix_mult'
================================================================
* Date:           Mon Sep 25 10:14:23 2017

* Version:        2017.2 (Build 1909853 on Wed Aug 09 16:50:22 MDT 2017)
* Project:        matrix_mult_prj
* Solution:       solution1
* Product family: zynq
* Target device:  xc7z020clg484-1


================================================================
== Performance Estimates
================================================================
+ Timing (ns): 
    * Summary: 
    +--------+-------+----------+------------+
    |  Clock | Target| Estimated| Uncertainty|
    +--------+-------+----------+------------+
    |ap_clk  |   5.00|      3.49|        0.63|
    +--------+-------+----------+------------+

+ Latency (clock cycles): 
    * Summary: 
    +-----+-----+-----+-----+---------+
    |  Latency  |  Interval | Pipeline|
    | min | max | min | max |   Type  |
    +-----+-----+-----+-----+---------+
    |  686|  686|  687|  687|   none  |
    +-----+-----+-----+-----+---------+

    + Detail: 
        * Instance: 
        N/A

        * Loop: 
        +--------------+-----+-----+----------+-----------+-----------+------+----------+
        |              |  Latency  | Iteration|  Initiation Interval  | Trip |          |
        |   Loop Name  | min | max |  Latency |  achieved |   target  | Count| Pipelined|
        +--------------+-----+-----+----------+-----------+-----------+------+----------+
        |- Row         |  685|  685|       137|          -|          -|     5|    no    |
        | + Col        |  135|  135|        27|          -|          -|     5|    no    |
        |  ++ Product  |   25|   25|         5|          -|          -|     5|    no    |
        +--------------+-----+-----+----------+-----------+-----------+------+----------+



================================================================
== Utilization Estimates
================================================================
* Summary: 
+-----------------+---------+-------+--------+-------+
|       Name      | BRAM_18K| DSP48E|   FF   |  LUT  |
+-----------------+---------+-------+--------+-------+
|DSP              |        -|      1|       -|      -|
|Expression       |        -|      -|     111|     79|
|FIFO             |        -|      -|       -|      -|
|Instance         |        -|      -|       -|      -|
|Memory           |        -|      -|       -|      -|
|Multiplexer      |        -|      -|       -|     86|
|Register         |        -|      -|      66|      -|
+-----------------+---------+-------+--------+-------+
|Total            |        0|      1|     177|    165|
+-----------------+---------+-------+--------+-------+
|Available        |      280|    220|  106400|  53200|
+-----------------+---------+-------+--------+-------+
|Utilization (%)  |        0|   ~0  |   ~0   |   ~0  |
+-----------------+---------+-------+--------+-------+

+ Detail: 
    * Instance: 
    N/A

    * DSP48: 
    +-------------------------+----------------------+--------------+
    |         Instance        |        Module        |  Expression  |
    +-------------------------+----------------------+--------------+
    |matrix_mult_mac_mbkb_U0  |matrix_mult_mac_mbkb  | i0 + i1 * i2 |
    +-------------------------+----------------------+--------------+

    * Memory: 
    N/A

    * FIFO: 
    N/A

    * Expression: 
    +---------------------+----------+-------+----+----+------------+------------+
    |    Variable Name    | Operation| DSP48E| FF | LUT| Bitwidth P0| Bitwidth P1|
    +---------------------+----------+-------+----+----+------------+------------+
    |i_1_fu_149_p2        |     +    |      0|  14|   9|           3|           1|
    |j_1_fu_175_p2        |     +    |      0|  14|   9|           3|           1|
    |k_1_fu_229_p2        |     +    |      0|  14|   9|           3|           1|
    |tmp_10_fu_207_p2     |     +    |      0|   0|   8|           6|           6|
    |tmp_11_fu_213_p2     |     +    |      0|   0|   8|           6|           6|
    |tmp_7_fu_137_p2      |     +    |      0|  23|  11|           6|           6|
    |tmp_8_fu_159_p2      |     +    |      0|  23|  11|           6|           6|
    |tmp_9_fu_185_p2      |     +    |      0|  23|  11|           6|           6|
    |exitcond1_fu_169_p2  |   icmp   |      0|   0|   1|           3|           3|
    |exitcond2_fu_143_p2  |   icmp   |      0|   0|   1|           3|           3|
    |exitcond_fu_223_p2   |   icmp   |      0|   0|   1|           3|           3|
    +---------------------+----------+-------+----+----+------------+------------+
    |Total                |          |      0| 111|  79|          48|          42|
    +---------------------+----------+-------+----+----+------------+------------+

    * Multiplexer: 
    +------------------+----+-----------+-----+-----------+
    |       Name       | LUT| Input Size| Bits| Total Bits|
    +------------------+----+-----------+-----+-----------+
    |ap_NS_fsm         |  50|          9|    1|          9|
    |i_reg_75          |   9|          2|    3|          6|
    |j_reg_86          |   9|          2|    3|          6|
    |k_reg_110         |   9|          2|    3|          6|
    |prod_load_reg_97  |   9|          2|   16|         32|
    +------------------+----+-----------+-----+-----------+
    |Total             |  86|         17|   26|         59|
    +------------------+----+-----------+-----+-----------+

    * Register: 
    +----------------------+----+----+-----+-----------+
    |         Name         | FF | LUT| Bits| Const Bits|
    +----------------------+----+----+-----+-----------+
    |a_addr_reg_283        |   5|   0|    5|          0|
    |ap_CS_fsm             |   8|   0|    8|          0|
    |b_addr_reg_288        |   5|   0|    5|          0|
    |i_1_reg_260           |   3|   0|    3|          0|
    |i_reg_75              |   3|   0|    3|          0|
    |j_1_reg_278           |   3|   0|    3|          0|
    |j_cast2_cast_reg_265  |   3|   0|    6|          3|
    |j_reg_86              |   3|   0|    3|          0|
    |k_1_reg_296           |   3|   0|    3|          0|
    |k_reg_110             |   3|   0|    3|          0|
    |prod_addr_reg_270     |   5|   0|    5|          0|
    |prod_load_reg_97      |  16|   0|   16|          0|
    |tmp_7_reg_251         |   6|   0|    6|          0|
    +----------------------+----+----+-----+-----------+
    |Total                 |  66|   0|   69|          3|
    +----------------------+----+----+-----+-----------+



================================================================
== Interface
================================================================
* Summary: 
+---------------+-----+-----+------------+--------------+--------------+
|   RTL Ports   | Dir | Bits|  Protocol  | Source Object|    C Type    |
+---------------+-----+-----+------------+--------------+--------------+
|ap_clk         |  in |    1| ap_ctrl_hs |  matrix_mult | return value |
|ap_rst         |  in |    1| ap_ctrl_hs |  matrix_mult | return value |
|ap_start       |  in |    1| ap_ctrl_hs |  matrix_mult | return value |
|ap_done        | out |    1| ap_ctrl_hs |  matrix_mult | return value |
|ap_idle        | out |    1| ap_ctrl_hs |  matrix_mult | return value |
|ap_ready       | out |    1| ap_ctrl_hs |  matrix_mult | return value |
|a_address0     | out |    5|  ap_memory |       a      |     array    |
|a_ce0          | out |    1|  ap_memory |       a      |     array    |
|a_q0           |  in |    8|  ap_memory |       a      |     array    |
|b_address0     | out |    5|  ap_memory |       b      |     array    |
|b_ce0          | out |    1|  ap_memory |       b      |     array    |
|b_q0           |  in |    8|  ap_memory |       b      |     array    |
|prod_address0  | out |    5|  ap_memory |     prod     |     array    |
|prod_ce0       | out |    1|  ap_memory |     prod     |     array    |
|prod_we0       | out |    1|  ap_memory |     prod     |     array    |
|prod_d0        | out |   16|  ap_memory |     prod     |     array    |
+---------------+-----+-----+------------+--------------+--------------+

