INFO: [HLS 200-0] Workspace C:/Users/markb/Source/Repos/FPGA_Sandbox/RecComp/Lab2/ug871-design-files/Introduction/lab1/fir_prj/solution1 opened at Tue Sep 26 16:01:26 -0400 2017
INFO: [HLS 200-100] Execute     config_clock -quiet -name default -period 10 -default=false 
INFO: [SYN 201-201] Setting up clock 'default' with a period of 10ns.
INFO: [HLS 200-100] Command     config_clock returned 0; 0 sec.
INFO: [HLS 200-100] Execute     open_platform DefaultPlatform 
INFO: [HLS 200-100] Command     open_platform returned 0; 0.001 sec.
INFO: [HLS 200-100] Execute     import_lib C:/Xilinx/Vivado_HLS/2017.2/common/technology/xilinx/kintex7/kintex7 
INFO: [HLS 200-100] Execute       source C:/Xilinx/Vivado_HLS/2017.2/common/technology/xilinx/common/xilinx.lib 
INFO: [HLS 200-100] Execute         source C:/Xilinx/Vivado_HLS/2017.2/common/technology/xilinx/interface/xilinx_interface.lib 
INFO: [HLS 200-100] Execute           source C:/Xilinx/Vivado_HLS/2017.2/common/technology/xilinx/interface/plb46.lib 
INFO: [HLS 200-100] Command           ap_source returned 0; 0 sec.
INFO: [HLS 200-100] Execute           source C:/Xilinx/Vivado_HLS/2017.2/common/technology/xilinx/interface/fsl.lib 
INFO: [HLS 200-100] Command           ap_source returned 0; 0 sec.
INFO: [HLS 200-100] Execute           source C:/Xilinx/Vivado_HLS/2017.2/common/technology/xilinx/interface/axi4.lib 
INFO: [HLS 200-100] Command           ap_source returned 0; 0 sec.
INFO: [HLS 200-100] Execute           source C:/Xilinx/Vivado_HLS/2017.2/common/technology/xilinx/interface/maxi.lib 
INFO: [HLS 200-100] Command           ap_source returned 0; 0.001 sec.
INFO: [HLS 200-100] Execute           source C:/Xilinx/Vivado_HLS/2017.2/common/technology/xilinx/interface/saxilite.lib 
INFO: [HLS 200-100] Command           ap_source returned 0; 0 sec.
INFO: [HLS 200-100] Command         ap_source returned 0; 0.002 sec.
INFO: [HLS 200-100] Execute         source C:/Xilinx/Vivado_HLS/2017.2/common/technology/xilinx/common/dsp48.lib 
INFO: [HLS 200-100] Command         ap_source returned 0; 0 sec.
INFO: [HLS 200-100] Execute         source C:/Xilinx/Vivado_HLS/2017.2/common/technology/xilinx/ip/dds_compiler.lib 
INFO: [HLS 200-100] Command         ap_source returned 0; 0 sec.
INFO: [HLS 200-100] Execute         source C:/Xilinx/Vivado_HLS/2017.2/common/technology/xilinx/ip/xfft.lib 
INFO: [HLS 200-100] Command         ap_source returned 0; 0 sec.
INFO: [HLS 200-100] Execute         source C:/Xilinx/Vivado_HLS/2017.2/common/technology/xilinx/ip/xfir.lib 
INFO: [HLS 200-100] Command         ap_source returned 0; 0.001 sec.
INFO: [HLS 200-100] Command       ap_source returned 0; 0.008 sec.
INFO: [HLS 200-100] Execute       source C:/Xilinx/Vivado_HLS/2017.2/common/technology/xilinx/common/xilinx_old.lib 
INFO: [HLS 200-100] Command       ap_source returned 0; 0.001 sec.
INFO: [HLS 200-100] Execute       source C:/Xilinx/Vivado_HLS/2017.2/common/technology/xilinx/common/xilinx_vivado.lib 
INFO: [HLS 200-100] Command       ap_source returned 0; 0.001 sec.
INFO: [HLS 200-100] Execute       source C:/Xilinx/Vivado_HLS/2017.2/common/technology/xilinx/common/xilinx.hlp 
INFO: [HLS 200-100] Execute         source C:/Xilinx/Vivado_HLS/2017.2/common/technology/xilinx/common/target_info.tcl 
INFO: [HLS 200-100] Command         ap_source returned 0; 0 sec.
INFO: [HLS 200-100] Execute         source C:/Xilinx/Vivado_HLS/2017.2/common/technology/xilinx/interface/xilinx_interface.hlp 
INFO: [HLS 200-100] Execute           source C:/Xilinx/Vivado_HLS/2017.2/common/technology/xilinx/interface/maxi.hlp 
INFO: [HLS 200-100] Command           ap_source returned 0; 0 sec.
INFO: [HLS 200-100] Execute           source C:/Xilinx/Vivado_HLS/2017.2/common/technology/xilinx/interface/saxilite.hlp 
INFO: [HLS 200-100] Command           ap_source returned 0; 0.001 sec.
INFO: [HLS 200-100] Command         ap_source returned 0; 0.001 sec.
INFO: [HLS 200-100] Execute         source C:/Xilinx/Vivado_HLS/2017.2/common/technology/xilinx/common/dsp48.hlp 
INFO: [HLS 200-100] Command         ap_source returned 0; 0.001 sec.
INFO: [HLS 200-100] Command       ap_source returned 0; 0.005 sec.
INFO: [HLS 200-100] Execute       source C:/Xilinx/Vivado_HLS/2017.2/common/technology/xilinx/kintex7/dsp48e1.hlp 
INFO: [HLS 200-100] Command       ap_source returned 0; 0 sec.
INFO: [HLS 200-100] Execute       get_default_platform 
INFO: [HLS 200-100] Command       get_default_platform returned 0; 0 sec.
INFO: [HLS 200-100] Execute       config_chip_info -quiet -resource  {SLICE 50950} {LUT 203800}    {FF 407600} {DSP48E 840}    {BRAM 890}  
INFO: [HLS 200-100] Command       config_chip_info returned 0; 0 sec.
INFO: [HLS 200-100] Execute       config_chip_info -quiet -speed medium 
INFO: [HLS 200-100] Command       config_chip_info returned 0; 0 sec.
INFO: [HLS 200-100] Execute       source C:/Xilinx/Vivado_HLS/2017.2/common/technology/xilinx/common/xilinx.hlp 
INFO: [HLS 200-100] Execute         source C:/Xilinx/Vivado_HLS/2017.2/common/technology/xilinx/common/target_info.tcl 
INFO: [HLS 200-100] Command         ap_source returned 0; 0.003 sec.
INFO: [HLS 200-100] Execute         source C:/Xilinx/Vivado_HLS/2017.2/common/technology/xilinx/interface/xilinx_interface.hlp 
INFO: [HLS 200-100] Execute           source C:/Xilinx/Vivado_HLS/2017.2/common/technology/xilinx/interface/maxi.hlp 
INFO: [HLS 200-100] Command           ap_source returned 0; 0.001 sec.
INFO: [HLS 200-100] Execute           source C:/Xilinx/Vivado_HLS/2017.2/common/technology/xilinx/interface/saxilite.hlp 
INFO: [HLS 200-100] Command           ap_source returned 0; 0 sec.
INFO: [HLS 200-100] Command         ap_source returned 0; 0.001 sec.
INFO: [HLS 200-100] Execute         source C:/Xilinx/Vivado_HLS/2017.2/common/technology/xilinx/common/dsp48.hlp 
INFO: [HLS 200-100] Command         ap_source returned 0; 0.001 sec.
INFO: [HLS 200-100] Command       ap_source returned 0; 0.007 sec.
INFO: [HLS 200-100] Command     import_lib returned 0; 0.029 sec.
INFO: [HLS 200-100] Execute     source C:/Xilinx/Vivado_HLS/2017.2/common/technology/xilinx/kintex7/kintex7.gen 
INFO: [HLS 200-100] Execute       source C:/Xilinx/Vivado_HLS/2017.2/common/technology/xilinx/common/virtex.gen 
INFO: [HLS 200-100] Execute         source C:/Xilinx/Vivado_HLS/2017.2/common/technology/xilinx/common/xilinx.gen 
INFO: [HLS 200-100] Execute           source C:/Xilinx/Vivado_HLS/2017.2/common/technology/xilinx/interface/plb46.gen 
INFO: [HLS 200-100] Command           ap_source returned 0; 0.001 sec.
INFO: [HLS 200-100] Execute           source C:/Xilinx/Vivado_HLS/2017.2/common/technology/xilinx/interface/fsl.gen 
INFO: [HLS 200-100] Command           ap_source returned 0; 0.001 sec.
INFO: [HLS 200-100] Execute           source C:/Xilinx/Vivado_HLS/2017.2/common/technology/xilinx/interface/axi4.gen 
INFO: [HLS 200-100] Command           ap_source returned 0; 0.003 sec.
INFO: [HLS 200-100] Execute           source C:/Xilinx/Vivado_HLS/2017.2/common/technology/xilinx/interface/nativeAXI4.gen 
INFO: [HLS 200-100] Execute             source C:/Xilinx/Vivado_HLS/2017.2/common/technology/xilinx/interface/saxilite.gen 
INFO: [HLS 200-100] Command             ap_source returned 0; 0.005 sec.
INFO: [HLS 200-100] Execute             source C:/Xilinx/Vivado_HLS/2017.2/common/technology/xilinx/interface/maxi.gen 
INFO: [HLS 200-100] Command             ap_source returned 0; 0.009 sec.
INFO: [HLS 200-100] Command           ap_source returned 0; 0.014 sec.
INFO: [HLS 200-100] Execute           source C:/Xilinx/Vivado_HLS/2017.2/common/technology/xilinx/scripts/xilinxcoregen.gen 
INFO: [HLS 200-100] Command           ap_source returned 0; 0.012 sec.
INFO: [HLS 200-100] Execute           source C:/Xilinx/Vivado_HLS/2017.2/common/technology/xilinx/interface/XilEDKCoreGen.gen 
INFO: [HLS 200-100] Command           ap_source returned 0; 0.009 sec.
INFO: [HLS 200-100] Execute           source C:/Xilinx/Vivado_HLS/2017.2/common/technology/xilinx/ip/dds_compiler.gen 
INFO: [HLS 200-100] Command           ap_source returned 0; 0.004 sec.
INFO: [HLS 200-100] Execute           source C:/Xilinx/Vivado_HLS/2017.2/common/technology/xilinx/ip/util.gen 
INFO: [HLS 200-100] Command           ap_source returned 0; 0.001 sec.
INFO: [HLS 200-100] Execute           source C:/Xilinx/Vivado_HLS/2017.2/common/technology/xilinx/ip/xfft.gen 
INFO: [HLS 200-100] Command           ap_source returned 0; 0.11 sec.
INFO: [HLS 200-100] Execute           source C:/Xilinx/Vivado_HLS/2017.2/common/technology/xilinx/ip/xfir.gen 
INFO: [HLS 200-100] Command           ap_source returned 0; 0.001 sec.
INFO: [HLS 200-100] Command         ap_source returned 0; 0.16 sec.
INFO: [HLS 200-100] Execute         source C:/Xilinx/Vivado_HLS/2017.2/common/technology/xilinx/common/dsp48.gen 
INFO: [HLS 200-100] Command         ap_source returned 0; 0.001 sec.
INFO: [HLS 200-100] Command       ap_source returned 0; 0.163 sec.
INFO: [HLS 200-100] Command     ap_source returned 0; 0.164 sec.
INFO: [HLS 200-100] Execute     open_platform DefaultPlatform 
INFO: [HLS 200-100] Command     open_platform returned 0; 0 sec.
INFO: [HLS 200-100] Execute     import_lib C:/Xilinx/Vivado_HLS/2017.2/common/technology/xilinx/kintex7/kintex7_fpv6 
INFO: [HLS 200-100] Execute       source C:/Xilinx/Vivado_HLS/2017.2/common/technology/xilinx/common/xilinx_fpv7.lib 
INFO: [HLS 200-100] Execute         source C:/Xilinx/Vivado_HLS/2017.2/common/technology/xilinx/common/xilinx_hp.lib 
INFO: [HLS 200-100] Command         ap_source returned 0; 0.001 sec.
INFO: [HLS 200-100] Command       ap_source returned 0; 0.004 sec.
INFO: [HLS 200-100] Execute       source C:/Xilinx/Vivado_HLS/2017.2/common/technology/xilinx/common/xilinx_fpv.hlp 
INFO: [HLS 200-100] Execute         source C:/Xilinx/Vivado_HLS/2017.2/common/technology/xilinx/common/xilinx.hlp 
INFO: [HLS 200-100] Execute           source C:/Xilinx/Vivado_HLS/2017.2/common/technology/xilinx/common/target_info.tcl 
INFO: [HLS 200-100] Command           ap_source returned 0; 0.018 sec.
INFO: [HLS 200-100] Execute           source C:/Xilinx/Vivado_HLS/2017.2/common/technology/xilinx/interface/xilinx_interface.hlp 
INFO: [HLS 200-100] Execute             source C:/Xilinx/Vivado_HLS/2017.2/common/technology/xilinx/interface/maxi.hlp 
INFO: [HLS 200-100] Command             ap_source returned 0; 0 sec.
INFO: [HLS 200-100] Execute             source C:/Xilinx/Vivado_HLS/2017.2/common/technology/xilinx/interface/saxilite.hlp 
INFO: [HLS 200-100] Command             ap_source returned 0; 0.001 sec.
INFO: [HLS 200-100] Command           ap_source returned 0; 0.002 sec.
INFO: [HLS 200-100] Execute           source C:/Xilinx/Vivado_HLS/2017.2/common/technology/xilinx/common/dsp48.hlp 
INFO: [HLS 200-100] Command           ap_source returned 0; 0.001 sec.
INFO: [HLS 200-100] Command         ap_source returned 0; 0.023 sec.
INFO: [HLS 200-100] Command       ap_source returned 0; 0.024 sec.
INFO: [HLS 200-100] Execute       source C:/Xilinx/Vivado_HLS/2017.2/common/technology/xilinx/kintex7/kintex7_hp.hlp 
INFO: [HLS 200-100] Command       ap_source returned 0; 0.002 sec.
INFO: [HLS 200-100] Command     import_lib returned 0; 0.043 sec.
INFO: [HLS 200-100] Execute     source C:/Xilinx/Vivado_HLS/2017.2/common/technology/xilinx/kintex7/kintex7_fpv6.gen 
INFO: [HLS 200-100] Execute       source C:/Xilinx/Vivado_HLS/2017.2/common/technology/xilinx/common/xilinx_fpv6.gen 
INFO: [HLS 200-100] Command       ap_source returned 0; 0.002 sec.
INFO: [HLS 200-100] Command     ap_source returned 0; 0.002 sec.
INFO: [HLS 200-100] Execute     set_part xc7k160tfbg484-2 
INFO: [HLS 200-100] Execute       add_library xilinx/kintex7/kintex7:xc7k160t:fbg484:-2 
INFO: [HLS 200-100] Execute         get_default_platform 
INFO: [HLS 200-100] Command         get_default_platform returned 0; 0 sec.
INFO: [HLS 200-100] Execute         license_isbetapart xc7k160t 
INFO: [HLS 200-100] Command         license_isbetapart returned 1; 0.014 sec.
INFO: [HLS 200-100] Execute         get_default_platform 
INFO: [HLS 200-100] Command         get_default_platform returned 0; 0 sec.
INFO: [HLS 200-100] Execute         config_chip_info -quiet -resource  {SLICE 25350} {LUT 101400}    {FF 202800} {DSP48E 600}    {BRAM 650}  
INFO: [HLS 200-100] Command         config_chip_info returned 0; 0.001 sec.
INFO: [HLS 200-100] Execute         config_chip_info -quiet -speed medium 
INFO: [HLS 200-100] Command         config_chip_info returned 0; 0 sec.
INFO: [HLS 200-100] Command       add_library returned 0; 0.03 sec.
INFO: [HLS 200-100] Execute       add_library xilinx/kintex7/kintex7_fpv6 
INFO: [HLS 200-100] Execute         get_default_platform 
INFO: [HLS 200-100] Command         get_default_platform returned 0; 0 sec.
INFO: [HLS 200-100] Command       add_library returned 0; 0.003 sec.
INFO: [HLS 200-10] Setting target device to 'xc7k160tfbg484-2'
INFO: [HLS 200-100] Execute       get_default_platform 
INFO: [HLS 200-100] Command       get_default_platform returned 0; 0 sec.
INFO: [HLS 200-100] Command     set_part returned 0; 0.086 sec.
INFO: [HLS 200-100] Execute     get_default_platform 
INFO: [HLS 200-100] Command     get_default_platform returned 0; 0 sec.
INFO: [HLS 200-100] Execute     config_chip_info -quiet -resource  {SLICE 25350} {LUT 101400}    {FF 202800} {DSP48E 600}    {BRAM 650}  
INFO: [HLS 200-100] Command     config_chip_info returned 0; 0 sec.
INFO: [HLS 200-100] Execute     config_chip_info -quiet -speed medium 
INFO: [HLS 200-100] Command     config_chip_info returned 0; 0 sec.
INFO: [HLS 200-100] Command   open_solution returned 0; 0.374 sec.
INFO: [HLS 200-100] Execute   export_design -rtl verilog -format ip_catalog 
INFO: [HLS 200-100] Execute     source C:/Users/markb/Source/Repos/FPGA_Sandbox/RecComp/Lab2/ug871-design-files/Introduction/lab1/fir_prj/solution1/.autopilot/db/global.setting.tcl 
INFO: [HLS 200-100] Command     ap_source returned 0; 0.001 sec.
INFO: [HLS 200-100] Execute     source C:/Xilinx/Vivado_HLS/2017.2/common/technology/generic/autopilot/common.gen 
INFO: [HLS 200-100] Execute       source C:/Xilinx/Vivado_HLS/2017.2/common/technology/generic/autopilot/APCoreGen.gen 
INFO: [HLS 200-100] Command       ap_source returned 0; 0.001 sec.
INFO: [HLS 200-100] Command     ap_source returned 0; 0.002 sec.
INFO: [HLS 200-100] Execute     source C:/Xilinx/Vivado_HLS/2017.2/common/technology/generic/autopilot/op.gen 
INFO: [HLS 200-100] Command     ap_source returned 0; 0.001 sec.
INFO: [HLS 200-100] Execute     source C:/Xilinx/Vivado_HLS/2017.2/common/technology/generic/autopilot/op_simcore.gen 
INFO: [HLS 200-100] Command     ap_source returned 0; 0.001 sec.
INFO: [HLS 200-100] Execute     source C:/Xilinx/Vivado_HLS/2017.2/common/technology/generic/autopilot/interface.gen 
INFO: [HLS 200-100] Command     ap_source returned 0; 0.001 sec.
INFO: [HLS 200-100] Execute     source C:/Users/markb/Source/Repos/FPGA_Sandbox/RecComp/Lab2/ug871-design-files/Introduction/lab1/fir_prj/solution1/.autopilot/db/global.setting.tcl 
INFO: [HLS 200-100] Command     ap_source returned 0; 0.001 sec.
INFO: [HLS 200-100] Execute     source C:/Xilinx/Vivado_HLS/2017.2/common/technology/xilinx/kintex7/kintex7.gen 
INFO: [HLS 200-100] Execute       source C:/Xilinx/Vivado_HLS/2017.2/common/technology/xilinx/common/virtex.gen 
INFO: [HLS 200-100] Execute         source C:/Xilinx/Vivado_HLS/2017.2/common/technology/xilinx/common/xilinx.gen 
INFO: [HLS 200-100] Execute           source C:/Xilinx/Vivado_HLS/2017.2/common/technology/xilinx/interface/plb46.gen 
INFO: [HLS 200-100] Command           ap_source returned 0; 0.001 sec.
INFO: [HLS 200-100] Execute           source C:/Xilinx/Vivado_HLS/2017.2/common/technology/xilinx/interface/fsl.gen 
INFO: [HLS 200-100] Command           ap_source returned 0; 0 sec.
INFO: [HLS 200-100] Execute           source C:/Xilinx/Vivado_HLS/2017.2/common/technology/xilinx/interface/axi4.gen 
INFO: [HLS 200-100] Command           ap_source returned 0; 0.003 sec.
INFO: [HLS 200-100] Execute           source C:/Xilinx/Vivado_HLS/2017.2/common/technology/xilinx/interface/nativeAXI4.gen 
INFO: [HLS 200-100] Execute             source C:/Xilinx/Vivado_HLS/2017.2/common/technology/xilinx/interface/saxilite.gen 
INFO: [HLS 200-100] Command             ap_source returned 0; 0.004 sec.
INFO: [HLS 200-100] Execute             source C:/Xilinx/Vivado_HLS/2017.2/common/technology/xilinx/interface/maxi.gen 
INFO: [HLS 200-100] Command             ap_source returned 0; 0.009 sec.
INFO: [HLS 200-100] Command           ap_source returned 0; 0.013 sec.
INFO: [HLS 200-100] Execute           source C:/Xilinx/Vivado_HLS/2017.2/common/technology/xilinx/scripts/xilinxcoregen.gen 
INFO: [HLS 200-100] Command           ap_source returned 0; 0.012 sec.
INFO: [HLS 200-100] Execute           source C:/Xilinx/Vivado_HLS/2017.2/common/technology/xilinx/interface/XilEDKCoreGen.gen 
INFO: [HLS 200-100] Command           ap_source returned 0; 0.01 sec.
INFO: [HLS 200-100] Execute           source C:/Xilinx/Vivado_HLS/2017.2/common/technology/xilinx/ip/dds_compiler.gen 
INFO: [HLS 200-100] Command           ap_source returned 0; 0.005 sec.
INFO: [HLS 200-100] Execute           source C:/Xilinx/Vivado_HLS/2017.2/common/technology/xilinx/ip/util.gen 
INFO: [HLS 200-100] Command           ap_source returned 0; 0 sec.
INFO: [HLS 200-100] Execute           source C:/Xilinx/Vivado_HLS/2017.2/common/technology/xilinx/ip/xfft.gen 
INFO: [HLS 200-100] Command           ap_source returned 0; 0.13 sec.
INFO: [HLS 200-100] Execute           source C:/Xilinx/Vivado_HLS/2017.2/common/technology/xilinx/ip/xfir.gen 
INFO: [HLS 200-100] Command           ap_source returned 0; 0.001 sec.
INFO: [HLS 200-100] Command         ap_source returned 0; 0.178 sec.
INFO: [HLS 200-100] Execute         source C:/Xilinx/Vivado_HLS/2017.2/common/technology/xilinx/common/dsp48.gen 
INFO: [HLS 200-100] Command         ap_source returned 0; 0 sec.
INFO: [HLS 200-100] Command       ap_source returned 0; 0.182 sec.
INFO: [HLS 200-100] Command     ap_source returned 0; 0.182 sec.
INFO: [HLS 200-100] Execute     source C:/Xilinx/Vivado_HLS/2017.2/common/technology/xilinx/kintex7/kintex7_fpv6.gen 
INFO: [HLS 200-100] Execute       source C:/Xilinx/Vivado_HLS/2017.2/common/technology/xilinx/common/xilinx_fpv6.gen 
INFO: [HLS 200-100] Command       ap_source returned 0; 0.001 sec.
INFO: [HLS 200-100] Command     ap_source returned 0; 0.002 sec.
INFO: [HLS 200-100] Execute     source C:/Users/markb/Source/Repos/FPGA_Sandbox/RecComp/Lab2/ug871-design-files/Introduction/lab1/fir_prj/solution1/.autopilot/db/global.setting.tcl 
INFO: [HLS 200-100] Command     ap_source returned 0; 0.001 sec.
INFO: [IMPL 213-8] Exporting RTL as an IP in IP-XACT.
INFO: [HLS 200-100] Execute     source C:/Users/markb/Source/Repos/FPGA_Sandbox/RecComp/Lab2/ug871-design-files/Introduction/lab1/fir_prj/solution1/.autopilot/db/global.setting.tcl 
INFO: [HLS 200-100] Command     ap_source returned 0; 0.002 sec.
INFO: [HLS 200-100] Execute     source C:/Users/markb/Source/Repos/FPGA_Sandbox/RecComp/Lab2/ug871-design-files/Introduction/lab1/fir_prj/solution1/.autopilot/db/global.setting.tcl 
INFO: [HLS 200-100] Command     ap_source returned 0; 0.002 sec.
INFO: [HLS 200-100] Execute     source C:/Xilinx/Vivado_HLS/2017.2/common/technology/generic/autopilot/common.gen 
INFO: [HLS 200-100] Execute       source C:/Xilinx/Vivado_HLS/2017.2/common/technology/generic/autopilot/APCoreGen.gen 
INFO: [HLS 200-100] Command       ap_source returned 0; 0.001 sec.
INFO: [HLS 200-100] Command     ap_source returned 0; 0.003 sec.
INFO: [HLS 200-100] Execute     source C:/Xilinx/Vivado_HLS/2017.2/common/technology/generic/autopilot/op.gen 
INFO: [HLS 200-100] Command     ap_source returned 0; 0.001 sec.
INFO: [HLS 200-100] Execute     source C:/Xilinx/Vivado_HLS/2017.2/common/technology/generic/autopilot/op_simcore.gen 
INFO: [HLS 200-100] Command     ap_source returned 0; 0.002 sec.
INFO: [HLS 200-100] Execute     source C:/Xilinx/Vivado_HLS/2017.2/common/technology/generic/autopilot/interface.gen 
INFO: [HLS 200-100] Command     ap_source returned 0; 0 sec.
INFO: [HLS 200-100] Execute     source C:/Users/markb/Source/Repos/FPGA_Sandbox/RecComp/Lab2/ug871-design-files/Introduction/lab1/fir_prj/solution1/.autopilot/db/global.setting.tcl 
INFO: [HLS 200-100] Command     ap_source returned 0; 0.001 sec.
INFO: [HLS 200-100] Execute     source C:/Xilinx/Vivado_HLS/2017.2/common/technology/xilinx/kintex7/kintex7.gen 
INFO: [HLS 200-100] Execute       source C:/Xilinx/Vivado_HLS/2017.2/common/technology/xilinx/common/virtex.gen 
INFO: [HLS 200-100] Execute         source C:/Xilinx/Vivado_HLS/2017.2/common/technology/xilinx/common/xilinx.gen 
INFO: [HLS 200-100] Execute           source C:/Xilinx/Vivado_HLS/2017.2/common/technology/xilinx/interface/plb46.gen 
INFO: [HLS 200-100] Command           ap_source returned 0; 0.001 sec.
INFO: [HLS 200-100] Execute           source C:/Xilinx/Vivado_HLS/2017.2/common/technology/xilinx/interface/fsl.gen 
INFO: [HLS 200-100] Command           ap_source returned 0; 0.001 sec.
INFO: [HLS 200-100] Execute           source C:/Xilinx/Vivado_HLS/2017.2/common/technology/xilinx/interface/axi4.gen 
INFO: [HLS 200-100] Command           ap_source returned 0; 0.002 sec.
INFO: [HLS 200-100] Execute           source C:/Xilinx/Vivado_HLS/2017.2/common/technology/xilinx/interface/nativeAXI4.gen 
INFO: [HLS 200-100] Execute             source C:/Xilinx/Vivado_HLS/2017.2/common/technology/xilinx/interface/saxilite.gen 
INFO: [HLS 200-100] Command             ap_source returned 0; 0.005 sec.
INFO: [HLS 200-100] Execute             source C:/Xilinx/Vivado_HLS/2017.2/common/technology/xilinx/interface/maxi.gen 
INFO: [HLS 200-100] Command             ap_source returned 0; 0.008 sec.
INFO: [HLS 200-100] Command           ap_source returned 0; 0.013 sec.
INFO: [HLS 200-100] Execute           source C:/Xilinx/Vivado_HLS/2017.2/common/technology/xilinx/scripts/xilinxcoregen.gen 
INFO: [HLS 200-100] Command           ap_source returned 0; 0.01 sec.
INFO: [HLS 200-100] Execute           source C:/Xilinx/Vivado_HLS/2017.2/common/technology/xilinx/interface/XilEDKCoreGen.gen 
INFO: [HLS 200-100] Command           ap_source returned 0; 0.01 sec.
INFO: [HLS 200-100] Execute           source C:/Xilinx/Vivado_HLS/2017.2/common/technology/xilinx/ip/dds_compiler.gen 
INFO: [HLS 200-100] Command           ap_source returned 0; 0.004 sec.
INFO: [HLS 200-100] Execute           source C:/Xilinx/Vivado_HLS/2017.2/common/technology/xilinx/ip/util.gen 
INFO: [HLS 200-100] Command           ap_source returned 0; 0 sec.
INFO: [HLS 200-100] Execute           source C:/Xilinx/Vivado_HLS/2017.2/common/technology/xilinx/ip/xfft.gen 
INFO: [HLS 200-100] Command           ap_source returned 0; 0.103 sec.
INFO: [HLS 200-100] Execute           source C:/Xilinx/Vivado_HLS/2017.2/common/technology/xilinx/ip/xfir.gen 
INFO: [HLS 200-100] Command           ap_source returned 0; 0.001 sec.
INFO: [HLS 200-100] Command         ap_source returned 0; 0.146 sec.
INFO: [HLS 200-100] Execute         source C:/Xilinx/Vivado_HLS/2017.2/common/technology/xilinx/common/dsp48.gen 
INFO: [HLS 200-100] Command         ap_source returned 0; 0 sec.
INFO: [HLS 200-100] Command       ap_source returned 0; 0.15 sec.
INFO: [HLS 200-100] Command     ap_source returned 0; 0.151 sec.
INFO: [HLS 200-100] Execute     source C:/Xilinx/Vivado_HLS/2017.2/common/technology/xilinx/kintex7/kintex7_fpv6.gen 
INFO: [HLS 200-100] Execute       source C:/Xilinx/Vivado_HLS/2017.2/common/technology/xilinx/common/xilinx_fpv6.gen 
INFO: [HLS 200-100] Command       ap_source returned 0; 0.002 sec.
INFO: [HLS 200-100] Command     ap_source returned 0; 0.002 sec.
INFO: [HLS 200-100] Execute     source C:/Users/markb/Source/Repos/FPGA_Sandbox/RecComp/Lab2/ug871-design-files/Introduction/lab1/fir_prj/solution1/.autopilot/db/global.setting.tcl 
INFO: [HLS 200-100] Command     ap_source returned 0; 0.001 sec.
INFO: [HLS 200-100] Execute     source C:/Users/markb/Source/Repos/FPGA_Sandbox/RecComp/Lab2/ug871-design-files/Introduction/lab1/fir_prj/solution1/.autopilot/db/global.setting.tcl 
INFO: [HLS 200-100] Command     ap_source returned 0; 0.001 sec.
INFO: [HLS 200-100] Execute     source C:/Users/markb/Source/Repos/FPGA_Sandbox/RecComp/Lab2/ug871-design-files/Introduction/lab1/fir_prj/solution1/.autopilot/db/fir.compgen.tcl 
INFO: [HLS 200-100] Command     ap_source returned 0; 0.004 sec.
INFO: [HLS 200-100] Execute     source C:/Users/markb/Source/Repos/FPGA_Sandbox/RecComp/Lab2/ug871-design-files/Introduction/lab1/fir_prj/solution1/.autopilot/db/global.setting.tcl 
INFO: [HLS 200-100] Command     ap_source returned 0; 0.001 sec.
INFO: [HLS 200-100] Execute     source C:/Users/markb/Source/Repos/FPGA_Sandbox/RecComp/Lab2/ug871-design-files/Introduction/lab1/fir_prj/solution1/.autopilot/db/global.setting.tcl 
INFO: [HLS 200-100] Command     ap_source returned 0; 0.001 sec.
INFO: [HLS 200-100] Execute     source C:/Users/markb/Source/Repos/FPGA_Sandbox/RecComp/Lab2/ug871-design-files/Introduction/lab1/fir_prj/solution1/.autopilot/db/fir.compgen.tcl 
INFO: [HLS 200-100] Execute       source C:/Users/markb/Source/Repos/FPGA_Sandbox/RecComp/Lab2/ug871-design-files/Introduction/lab1/fir_prj/solution1/.autopilot/db/fir.rtl_wrap.cfg.tcl 
INFO: [HLS 200-100] Command       ap_source returned 0; 0.002 sec.
INFO: [HLS 200-100] Execute       source C:/Users/markb/Source/Repos/FPGA_Sandbox/RecComp/Lab2/ug871-design-files/Introduction/lab1/fir_prj/solution1/.autopilot/db/fir.rtl_wrap.cfg.tcl 
INFO: [HLS 200-100] Command       ap_source returned 0; 0.002 sec.
INFO: [HLS 200-100] Execute       source C:/Users/markb/Source/Repos/FPGA_Sandbox/RecComp/Lab2/ug871-design-files/Introduction/lab1/fir_prj/solution1/.autopilot/db/fir.rtl_wrap.cfg.tcl 
INFO: [HLS 200-100] Command       ap_source returned 0; 0.002 sec.
INFO: [HLS 200-100] Execute       source C:/Users/markb/Source/Repos/FPGA_Sandbox/RecComp/Lab2/ug871-design-files/Introduction/lab1/fir_prj/solution1/.autopilot/db/fir.tbgen.tcl 
INFO: [HLS 200-100] Command       ap_source returned 0; 0.001 sec.
INFO: [HLS 200-100] Execute       source C:/Users/markb/Source/Repos/FPGA_Sandbox/RecComp/Lab2/ug871-design-files/Introduction/lab1/fir_prj/solution1/.autopilot/db/fir.tbgen.tcl 
INFO: [HLS 200-100] Command       ap_source returned 0; 0.001 sec.
INFO: [HLS 200-100] Execute       source C:/Users/markb/Source/Repos/FPGA_Sandbox/RecComp/Lab2/ug871-design-files/Introduction/lab1/fir_prj/solution1/.autopilot/db/fir.tbgen.tcl 
INFO: [HLS 200-100] Command       ap_source returned 0; 0.001 sec.
INFO: [HLS 200-100] Command     ap_source returned 0; 0.077 sec.
INFO: [HLS 200-100] Execute     source C:/Users/markb/Source/Repos/FPGA_Sandbox/RecComp/Lab2/ug871-design-files/Introduction/lab1/fir_prj/solution1/.autopilot/db/global.setting.tcl 
INFO: [HLS 200-100] Command     ap_source returned 0; 0.001 sec.
INFO: [HLS 200-100] Execute     source C:/Users/markb/Source/Repos/FPGA_Sandbox/RecComp/Lab2/ug871-design-files/Introduction/lab1/fir_prj/solution1/.autopilot/db/global.setting.tcl 
INFO: [HLS 200-100] Command     ap_source returned 0; 0.001 sec.
INFO: [HLS 200-100] Execute     source C:/Users/markb/Source/Repos/FPGA_Sandbox/RecComp/Lab2/ug871-design-files/Introduction/lab1/fir_prj/solution1/.autopilot/db/fir.compgen.tcl 
INFO: [HLS 200-100] Command     ap_source returned 0; 0.002 sec.
INFO: [HLS 200-100] Execute     source C:/Users/markb/Source/Repos/FPGA_Sandbox/RecComp/Lab2/ug871-design-files/Introduction/lab1/fir_prj/solution1/.autopilot/db/global.setting.tcl 
INFO: [HLS 200-100] Command     ap_source returned 0; 0.001 sec.
INFO: [HLS 200-100] Execute     source C:/Users/markb/Source/Repos/FPGA_Sandbox/RecComp/Lab2/ug871-design-files/Introduction/lab1/fir_prj/solution1/.autopilot/db/fir.constraint.tcl 
INFO: [HLS 200-100] Command     ap_source returned 0; 0.002 sec.
INFO: [HLS 200-100] Execute     source C:/Users/markb/Source/Repos/FPGA_Sandbox/RecComp/Lab2/ug871-design-files/Introduction/lab1/fir_prj/solution1/.autopilot/db/global.setting.tcl 
INFO: [HLS 200-100] Command     ap_source returned 0; 0.002 sec.
INFO: [HLS 200-100] Execute     source C:/Users/markb/Source/Repos/FPGA_Sandbox/RecComp/Lab2/ug871-design-files/Introduction/lab1/fir_prj/solution1/.autopilot/db/fir.rtl_wrap.cfg.tcl 
INFO: [HLS 200-100] Command     ap_source returned 0; 0.001 sec.
INFO: [HLS 200-100] Execute     source C:/Users/markb/Source/Repos/FPGA_Sandbox/RecComp/Lab2/ug871-design-files/Introduction/lab1/fir_prj/solution1/.autopilot/db/fir.rtl_wrap.cfg.tcl 
INFO: [HLS 200-100] Command     ap_source returned 0; 0.006 sec.
INFO: [HLS 200-100] Execute     source C:/Users/markb/Source/Repos/FPGA_Sandbox/RecComp/Lab2/ug871-design-files/Introduction/lab1/fir_prj/solution1/.autopilot/db/fir.rtl_wrap.cfg.tcl 
INFO: [HLS 200-100] Command     ap_source returned 0; 0.001 sec.
INFO: [HLS 200-100] Execute     source C:/Users/markb/Source/Repos/FPGA_Sandbox/RecComp/Lab2/ug871-design-files/Introduction/lab1/fir_prj/solution1/.autopilot/db/fir.tbgen.tcl 
INFO: [HLS 200-100] Command     ap_source returned 0; 0.001 sec.
INFO: [HLS 200-100] Execute     source C:/Users/markb/Source/Repos/FPGA_Sandbox/RecComp/Lab2/ug871-design-files/Introduction/lab1/fir_prj/solution1/.autopilot/db/fir.tbgen.tcl 
INFO: [HLS 200-100] Command     ap_source returned 0; 0.001 sec.
INFO: [HLS 200-100] Execute     source C:/Users/markb/Source/Repos/FPGA_Sandbox/RecComp/Lab2/ug871-design-files/Introduction/lab1/fir_prj/solution1/.autopilot/db/fir.tbgen.tcl 
INFO: [HLS 200-100] Command     ap_source returned 0; 0.001 sec.
INFO: [HLS 200-100] Execute     source C:/Users/markb/Source/Repos/FPGA_Sandbox/RecComp/Lab2/ug871-design-files/Introduction/lab1/fir_prj/solution1/.autopilot/db/fir.tbgen.tcl 
INFO: [HLS 200-100] Command     ap_source returned 0; 0.002 sec.
INFO: [HLS 200-100] Execute     source C:/Users/markb/Source/Repos/FPGA_Sandbox/RecComp/Lab2/ug871-design-files/Introduction/lab1/fir_prj/solution1/.autopilot/db/global.setting.tcl 
INFO: [HLS 200-100] Command     ap_source returned 0; 0.001 sec.
INFO: [HLS 200-100] Execute     source C:/Users/markb/Source/Repos/FPGA_Sandbox/RecComp/Lab2/ug871-design-files/Introduction/lab1/fir_prj/solution1/.autopilot/db/global.setting.tcl 
INFO: [HLS 200-100] Command     ap_source returned 0; 0.002 sec.
INFO: [HLS 200-100] Execute     source C:/Users/markb/Source/Repos/FPGA_Sandbox/RecComp/Lab2/ug871-design-files/Introduction/lab1/fir_prj/solution1/.autopilot/db/global.setting.tcl 
INFO: [HLS 200-100] Command     ap_source returned 0; 0.001 sec.
INFO: [HLS 200-100] Execute     source C:/Users/markb/Source/Repos/FPGA_Sandbox/RecComp/Lab2/ug871-design-files/Introduction/lab1/fir_prj/solution1/.autopilot/db/fir.rtl_wrap.cfg.tcl 
INFO: [HLS 200-100] Command     ap_source returned 0; 0.001 sec.
INFO: [HLS 200-100] Execute     source C:/Users/markb/Source/Repos/FPGA_Sandbox/RecComp/Lab2/ug871-design-files/Introduction/lab1/fir_prj/solution1/.autopilot/db/fir.rtl_wrap.cfg.tcl 
INFO: [HLS 200-100] Command     ap_source returned 0; 0.002 sec.
INFO: [HLS 200-100] Execute     source C:/Users/markb/Source/Repos/FPGA_Sandbox/RecComp/Lab2/ug871-design-files/Introduction/lab1/fir_prj/solution1/.autopilot/db/fir.tbgen.tcl 
INFO: [HLS 200-100] Command     ap_source returned 0; 0.001 sec.
INFO: [HLS 200-100] Execute     source C:/Users/markb/Source/Repos/FPGA_Sandbox/RecComp/Lab2/ug871-design-files/Introduction/lab1/fir_prj/solution1/.autopilot/db/fir.tbgen.tcl 
INFO: [HLS 200-100] Command     ap_source returned 0; 0.001 sec.
INFO: [HLS 200-100] Execute     source C:/Users/markb/Source/Repos/FPGA_Sandbox/RecComp/Lab2/ug871-design-files/Introduction/lab1/fir_prj/solution1/.autopilot/db/fir.rtl_wrap.cfg.tcl 
INFO: [HLS 200-100] Command     ap_source returned 0; 0.001 sec.
INFO: [HLS 200-100] Execute     source C:/Users/markb/Source/Repos/FPGA_Sandbox/RecComp/Lab2/ug871-design-files/Introduction/lab1/fir_prj/solution1/.autopilot/db/fir.rtl_wrap.cfg.tcl 
INFO: [HLS 200-100] Command     ap_source returned 0; 0.001 sec.
INFO: [HLS 200-100] Execute     source C:/Users/markb/Source/Repos/FPGA_Sandbox/RecComp/Lab2/ug871-design-files/Introduction/lab1/fir_prj/solution1/.autopilot/db/fir.tbgen.tcl 
INFO: [HLS 200-100] Command     ap_source returned 0; 0.002 sec.
INFO: [HLS 200-100] Execute     source C:/Users/markb/Source/Repos/FPGA_Sandbox/RecComp/Lab2/ug871-design-files/Introduction/lab1/fir_prj/solution1/.autopilot/db/fir.tbgen.tcl 
INFO: [HLS 200-100] Command     ap_source returned 0; 0.004 sec.
INFO: [HLS 200-100] Execute     source C:/Users/markb/Source/Repos/FPGA_Sandbox/RecComp/Lab2/ug871-design-files/Introduction/lab1/fir_prj/solution1/.autopilot/db/global.setting.tcl 
INFO: [HLS 200-100] Command     ap_source returned 0; 0.001 sec.
INFO: [HLS 200-100] Execute     source C:/Users/markb/Source/Repos/FPGA_Sandbox/RecComp/Lab2/ug871-design-files/Introduction/lab1/fir_prj/solution1/.autopilot/db/fir.constraint.tcl 
INFO: [HLS 200-100] Command     ap_source returned 0; 0.001 sec.
INFO: [HLS 200-100] Execute     source C:/Users/markb/Source/Repos/FPGA_Sandbox/RecComp/Lab2/ug871-design-files/Introduction/lab1/fir_prj/solution1/.autopilot/db/global.setting.tcl 
INFO: [HLS 200-100] Command     ap_source returned 0; 0.001 sec.
INFO: [HLS 200-100] Execute     source C:/Users/markb/Source/Repos/FPGA_Sandbox/RecComp/Lab2/ug871-design-files/Introduction/lab1/fir_prj/solution1/.autopilot/db/global.setting.tcl 
INFO: [HLS 200-100] Command     ap_source returned 0; 0.001 sec.
INFO: [HLS 200-100] Execute     source C:/Users/markb/Source/Repos/FPGA_Sandbox/RecComp/Lab2/ug871-design-files/Introduction/lab1/fir_prj/solution1/.autopilot/db/fir.constraint.tcl 
INFO: [HLS 200-100] Command     ap_source returned 0; 0.002 sec.
INFO: [HLS 200-100] Execute     source C:/Users/markb/Source/Repos/FPGA_Sandbox/RecComp/Lab2/ug871-design-files/Introduction/lab1/fir_prj/solution1/.autopilot/db/global.setting.tcl 
INFO: [HLS 200-100] Command     ap_source returned 0; 0.002 sec.
INFO: [HLS 200-100] Execute     source C:/Users/markb/Source/Repos/FPGA_Sandbox/RecComp/Lab2/ug871-design-files/Introduction/lab1/fir_prj/solution1/.autopilot/db/fir.constraint.tcl 
INFO: [HLS 200-100] Command     ap_source returned 0; 0.002 sec.
INFO: [HLS 200-100] Execute     source C:/Users/markb/Source/Repos/FPGA_Sandbox/RecComp/Lab2/ug871-design-files/Introduction/lab1/fir_prj/solution1/.autopilot/db/global.setting.tcl 
INFO: [HLS 200-100] Command     ap_source returned 0; 0.001 sec.
INFO: [HLS 200-100] Execute     source C:/Xilinx/Vivado_HLS/2017.2/common/technology/generic/autopilot/common.gen 
INFO: [HLS 200-100] Execute       source C:/Xilinx/Vivado_HLS/2017.2/common/technology/generic/autopilot/APCoreGen.gen 
INFO: [HLS 200-100] Command       ap_source returned 0; 0.001 sec.
INFO: [HLS 200-100] Command     ap_source returned 0; 0.001 sec.
INFO: [HLS 200-100] Execute     source C:/Xilinx/Vivado_HLS/2017.2/common/technology/generic/autopilot/op.gen 
INFO: [HLS 200-100] Command     ap_source returned 0; 0.001 sec.
INFO: [HLS 200-100] Execute     source C:/Xilinx/Vivado_HLS/2017.2/common/technology/generic/autopilot/op_simcore.gen 
INFO: [HLS 200-100] Command     ap_source returned 0; 0.002 sec.
INFO: [HLS 200-100] Execute     source C:/Xilinx/Vivado_HLS/2017.2/common/technology/generic/autopilot/interface.gen 
INFO: [HLS 200-100] Command     ap_source returned 0; 0 sec.
INFO: [HLS 200-100] Execute     source C:/Users/markb/Source/Repos/FPGA_Sandbox/RecComp/Lab2/ug871-design-files/Introduction/lab1/fir_prj/solution1/.autopilot/db/global.setting.tcl 
INFO: [HLS 200-100] Command     ap_source returned 0; 0.001 sec.
INFO: [HLS 200-100] Execute     source C:/Xilinx/Vivado_HLS/2017.2/common/technology/xilinx/kintex7/kintex7.gen 
INFO: [HLS 200-100] Execute       source C:/Xilinx/Vivado_HLS/2017.2/common/technology/xilinx/common/virtex.gen 
INFO: [HLS 200-100] Execute         source C:/Xilinx/Vivado_HLS/2017.2/common/technology/xilinx/common/xilinx.gen 
INFO: [HLS 200-100] Execute           source C:/Xilinx/Vivado_HLS/2017.2/common/technology/xilinx/interface/plb46.gen 
INFO: [HLS 200-100] Command           ap_source returned 0; 0.001 sec.
INFO: [HLS 200-100] Execute           source C:/Xilinx/Vivado_HLS/2017.2/common/technology/xilinx/interface/fsl.gen 
INFO: [HLS 200-100] Command           ap_source returned 0; 0 sec.
INFO: [HLS 200-100] Execute           source C:/Xilinx/Vivado_HLS/2017.2/common/technology/xilinx/interface/axi4.gen 
INFO: [HLS 200-100] Command           ap_source returned 0; 0.003 sec.
INFO: [HLS 200-100] Execute           source C:/Xilinx/Vivado_HLS/2017.2/common/technology/xilinx/interface/nativeAXI4.gen 
INFO: [HLS 200-100] Execute             source C:/Xilinx/Vivado_HLS/2017.2/common/technology/xilinx/interface/saxilite.gen 
INFO: [HLS 200-100] Command             ap_source returned 0; 0.004 sec.
INFO: [HLS 200-100] Execute             source C:/Xilinx/Vivado_HLS/2017.2/common/technology/xilinx/interface/maxi.gen 
INFO: [HLS 200-100] Command             ap_source returned 0; 0.008 sec.
INFO: [HLS 200-100] Command           ap_source returned 0; 0.013 sec.
INFO: [HLS 200-100] Execute           source C:/Xilinx/Vivado_HLS/2017.2/common/technology/xilinx/scripts/xilinxcoregen.gen 
INFO: [HLS 200-100] Command           ap_source returned 0; 0.012 sec.
INFO: [HLS 200-100] Execute           source C:/Xilinx/Vivado_HLS/2017.2/common/technology/xilinx/interface/XilEDKCoreGen.gen 
INFO: [HLS 200-100] Command           ap_source returned 0; 0.01 sec.
INFO: [HLS 200-100] Execute           source C:/Xilinx/Vivado_HLS/2017.2/common/technology/xilinx/ip/dds_compiler.gen 
INFO: [HLS 200-100] Command           ap_source returned 0; 0.004 sec.
INFO: [HLS 200-100] Execute           source C:/Xilinx/Vivado_HLS/2017.2/common/technology/xilinx/ip/util.gen 
INFO: [HLS 200-100] Command           ap_source returned 0; 0.001 sec.
INFO: [HLS 200-100] Execute           source C:/Xilinx/Vivado_HLS/2017.2/common/technology/xilinx/ip/xfft.gen 
INFO: [HLS 200-100] Command           ap_source returned 0; 0.103 sec.
INFO: [HLS 200-100] Execute           source C:/Xilinx/Vivado_HLS/2017.2/common/technology/xilinx/ip/xfir.gen 
INFO: [HLS 200-100] Command           ap_source returned 0; 0 sec.
INFO: [HLS 200-100] Command         ap_source returned 0; 0.15 sec.
INFO: [HLS 200-100] Execute         source C:/Xilinx/Vivado_HLS/2017.2/common/technology/xilinx/common/dsp48.gen 
INFO: [HLS 200-100] Command         ap_source returned 0; 0 sec.
INFO: [HLS 200-100] Command       ap_source returned 0; 0.152 sec.
INFO: [HLS 200-100] Command     ap_source returned 0; 0.153 sec.
INFO: [HLS 200-100] Execute     source C:/Xilinx/Vivado_HLS/2017.2/common/technology/xilinx/kintex7/kintex7_fpv6.gen 
INFO: [HLS 200-100] Execute       source C:/Xilinx/Vivado_HLS/2017.2/common/technology/xilinx/common/xilinx_fpv6.gen 
INFO: [HLS 200-100] Command       ap_source returned 0; 0.002 sec.
INFO: [HLS 200-100] Command     ap_source returned 0; 0.002 sec.
INFO: [HLS 200-100] Execute     source C:/Users/markb/Source/Repos/FPGA_Sandbox/RecComp/Lab2/ug871-design-files/Introduction/lab1/fir_prj/solution1/.autopilot/db/global.setting.tcl 
INFO: [HLS 200-100] Command     ap_source returned 0; 0.001 sec.
INFO: [HLS 200-100] Execute     source C:/Xilinx/Vivado_HLS/2017.2/common/technology/generic/autopilot/common.gen 
INFO: [HLS 200-100] Execute       source C:/Xilinx/Vivado_HLS/2017.2/common/technology/generic/autopilot/APCoreGen.gen 
INFO: [HLS 200-100] Command       ap_source returned 0; 0.001 sec.
INFO: [HLS 200-100] Command     ap_source returned 0; 0.001 sec.
INFO: [HLS 200-100] Execute     source C:/Xilinx/Vivado_HLS/2017.2/common/technology/generic/autopilot/op.gen 
INFO: [HLS 200-100] Command     ap_source returned 0; 0.001 sec.
INFO: [HLS 200-100] Execute     source C:/Xilinx/Vivado_HLS/2017.2/common/technology/generic/autopilot/op_simcore.gen 
INFO: [HLS 200-100] Command     ap_source returned 0; 0.001 sec.
INFO: [HLS 200-100] Execute     source C:/Xilinx/Vivado_HLS/2017.2/common/technology/generic/autopilot/interface.gen 
INFO: [HLS 200-100] Command     ap_source returned 0; 0 sec.
INFO: [HLS 200-100] Execute     source C:/Users/markb/Source/Repos/FPGA_Sandbox/RecComp/Lab2/ug871-design-files/Introduction/lab1/fir_prj/solution1/.autopilot/db/global.setting.tcl 
INFO: [HLS 200-100] Command     ap_source returned 0; 0.001 sec.
INFO: [HLS 200-100] Execute     source C:/Xilinx/Vivado_HLS/2017.2/common/technology/xilinx/kintex7/kintex7.gen 
INFO: [HLS 200-100] Execute       source C:/Xilinx/Vivado_HLS/2017.2/common/technology/xilinx/common/virtex.gen 
INFO: [HLS 200-100] Execute         source C:/Xilinx/Vivado_HLS/2017.2/common/technology/xilinx/common/xilinx.gen 
INFO: [HLS 200-100] Execute           source C:/Xilinx/Vivado_HLS/2017.2/common/technology/xilinx/interface/plb46.gen 
INFO: [HLS 200-100] Command           ap_source returned 0; 0.001 sec.
INFO: [HLS 200-100] Execute           source C:/Xilinx/Vivado_HLS/2017.2/common/technology/xilinx/interface/fsl.gen 
INFO: [HLS 200-100] Command           ap_source returned 0; 0.001 sec.
INFO: [HLS 200-100] Execute           source C:/Xilinx/Vivado_HLS/2017.2/common/technology/xilinx/interface/axi4.gen 
INFO: [HLS 200-100] Command           ap_source returned 0; 0.003 sec.
INFO: [HLS 200-100] Execute           source C:/Xilinx/Vivado_HLS/2017.2/common/technology/xilinx/interface/nativeAXI4.gen 
INFO: [HLS 200-100] Execute             source C:/Xilinx/Vivado_HLS/2017.2/common/technology/xilinx/interface/saxilite.gen 
INFO: [HLS 200-100] Command             ap_source returned 0; 0.004 sec.
INFO: [HLS 200-100] Execute             source C:/Xilinx/Vivado_HLS/2017.2/common/technology/xilinx/interface/maxi.gen 
INFO: [HLS 200-100] Command             ap_source returned 0; 0.008 sec.
INFO: [HLS 200-100] Command           ap_source returned 0; 0.012 sec.
INFO: [HLS 200-100] Execute           source C:/Xilinx/Vivado_HLS/2017.2/common/technology/xilinx/scripts/xilinxcoregen.gen 
INFO: [HLS 200-100] Command           ap_source returned 0; 0.011 sec.
INFO: [HLS 200-100] Execute           source C:/Xilinx/Vivado_HLS/2017.2/common/technology/xilinx/interface/XilEDKCoreGen.gen 
INFO: [HLS 200-100] Command           ap_source returned 0; 0.008 sec.
INFO: [HLS 200-100] Execute           source C:/Xilinx/Vivado_HLS/2017.2/common/technology/xilinx/ip/dds_compiler.gen 
INFO: [HLS 200-100] Command           ap_source returned 0; 0.004 sec.
INFO: [HLS 200-100] Execute           source C:/Xilinx/Vivado_HLS/2017.2/common/technology/xilinx/ip/util.gen 
INFO: [HLS 200-100] Command           ap_source returned 0; 0 sec.
INFO: [HLS 200-100] Execute           source C:/Xilinx/Vivado_HLS/2017.2/common/technology/xilinx/ip/xfft.gen 
INFO: [HLS 200-100] Command           ap_source returned 0; 0.102 sec.
INFO: [HLS 200-100] Execute           source C:/Xilinx/Vivado_HLS/2017.2/common/technology/xilinx/ip/xfir.gen 
INFO: [HLS 200-100] Command           ap_source returned 0; 0.001 sec.
INFO: [HLS 200-100] Command         ap_source returned 0; 0.146 sec.
INFO: [HLS 200-100] Execute         source C:/Xilinx/Vivado_HLS/2017.2/common/technology/xilinx/common/dsp48.gen 
INFO: [HLS 200-100] Command         ap_source returned 0; 0.001 sec.
INFO: [HLS 200-100] Command       ap_source returned 0; 0.149 sec.
INFO: [HLS 200-100] Command     ap_source returned 0; 0.149 sec.
INFO: [HLS 200-100] Execute     source C:/Xilinx/Vivado_HLS/2017.2/common/technology/xilinx/kintex7/kintex7_fpv6.gen 
INFO: [HLS 200-100] Execute       source C:/Xilinx/Vivado_HLS/2017.2/common/technology/xilinx/common/xilinx_fpv6.gen 
INFO: [HLS 200-100] Command       ap_source returned 0; 0.002 sec.
INFO: [HLS 200-100] Command     ap_source returned 0; 0.002 sec.
INFO: [HLS 200-100] Execute     source C:/Users/markb/Source/Repos/FPGA_Sandbox/RecComp/Lab2/ug871-design-files/Introduction/lab1/fir_prj/solution1/.autopilot/db/global.setting.tcl 
INFO: [HLS 200-100] Command     ap_source returned 0; 0.002 sec.
INFO: [HLS 200-100] Execute     source C:/Users/markb/Source/Repos/FPGA_Sandbox/RecComp/Lab2/ug871-design-files/Introduction/lab1/fir_prj/solution1/.autopilot/db/global.setting.tcl 
INFO: [HLS 200-100] Command     ap_source returned 0; 0.001 sec.
INFO: [HLS 200-100] Execute     source C:/Users/markb/Source/Repos/FPGA_Sandbox/RecComp/Lab2/ug871-design-files/Introduction/lab1/fir_prj/solution1/.autopilot/db/global.setting.tcl 
INFO: [HLS 200-100] Command     ap_source returned 0; 0.001 sec.
INFO: [HLS 200-100] Execute     source C:/Xilinx/Vivado_HLS/2017.2/common/technology/generic/autopilot/common.gen 
INFO: [HLS 200-100] Execute       source C:/Xilinx/Vivado_HLS/2017.2/common/technology/generic/autopilot/APCoreGen.gen 
INFO: [HLS 200-100] Command       ap_source returned 0; 0.001 sec.
INFO: [HLS 200-100] Command     ap_source returned 0; 0.001 sec.
INFO: [HLS 200-100] Execute     source C:/Xilinx/Vivado_HLS/2017.2/common/technology/generic/autopilot/op.gen 
INFO: [HLS 200-100] Command     ap_source returned 0; 0.001 sec.
INFO: [HLS 200-100] Execute     source C:/Xilinx/Vivado_HLS/2017.2/common/technology/generic/autopilot/op_simcore.gen 
INFO: [HLS 200-100] Command     ap_source returned 0; 0.001 sec.
INFO: [HLS 200-100] Execute     source C:/Xilinx/Vivado_HLS/2017.2/common/technology/generic/autopilot/interface.gen 
INFO: [HLS 200-100] Command     ap_source returned 0; 0 sec.
INFO: [HLS 200-100] Execute     source C:/Users/markb/Source/Repos/FPGA_Sandbox/RecComp/Lab2/ug871-design-files/Introduction/lab1/fir_prj/solution1/.autopilot/db/global.setting.tcl 
INFO: [HLS 200-100] Command     ap_source returned 0; 0.004 sec.
INFO: [HLS 200-100] Execute     source C:/Xilinx/Vivado_HLS/2017.2/common/technology/xilinx/kintex7/kintex7.gen 
INFO: [HLS 200-100] Execute       source C:/Xilinx/Vivado_HLS/2017.2/common/technology/xilinx/common/virtex.gen 
INFO: [HLS 200-100] Execute         source C:/Xilinx/Vivado_HLS/2017.2/common/technology/xilinx/common/xilinx.gen 
INFO: [HLS 200-100] Execute           source C:/Xilinx/Vivado_HLS/2017.2/common/technology/xilinx/interface/plb46.gen 
INFO: [HLS 200-100] Command           ap_source returned 0; 0.001 sec.
INFO: [HLS 200-100] Execute           source C:/Xilinx/Vivado_HLS/2017.2/common/technology/xilinx/interface/fsl.gen 
INFO: [HLS 200-100] Command           ap_source returned 0; 0 sec.
INFO: [HLS 200-100] Execute           source C:/Xilinx/Vivado_HLS/2017.2/common/technology/xilinx/interface/axi4.gen 
INFO: [HLS 200-100] Command           ap_source returned 0; 0.002 sec.
INFO: [HLS 200-100] Execute           source C:/Xilinx/Vivado_HLS/2017.2/common/technology/xilinx/interface/nativeAXI4.gen 
INFO: [HLS 200-100] Execute             source C:/Xilinx/Vivado_HLS/2017.2/common/technology/xilinx/interface/saxilite.gen 
INFO: [HLS 200-100] Command             ap_source returned 0; 0.004 sec.
INFO: [HLS 200-100] Execute             source C:/Xilinx/Vivado_HLS/2017.2/common/technology/xilinx/interface/maxi.gen 
INFO: [HLS 200-100] Command             ap_source returned 0; 0.009 sec.
INFO: [HLS 200-100] Command           ap_source returned 0; 0.013 sec.
INFO: [HLS 200-100] Execute           source C:/Xilinx/Vivado_HLS/2017.2/common/technology/xilinx/scripts/xilinxcoregen.gen 
INFO: [HLS 200-100] Command           ap_source returned 0; 0.012 sec.
INFO: [HLS 200-100] Execute           source C:/Xilinx/Vivado_HLS/2017.2/common/technology/xilinx/interface/XilEDKCoreGen.gen 
INFO: [HLS 200-100] Command           ap_source returned 0; 0.012 sec.
INFO: [HLS 200-100] Execute           source C:/Xilinx/Vivado_HLS/2017.2/common/technology/xilinx/ip/dds_compiler.gen 
INFO: [HLS 200-100] Command           ap_source returned 0; 0.004 sec.
INFO: [HLS 200-100] Execute           source C:/Xilinx/Vivado_HLS/2017.2/common/technology/xilinx/ip/util.gen 
INFO: [HLS 200-100] Command           ap_source returned 0; 0 sec.
INFO: [HLS 200-100] Execute           source C:/Xilinx/Vivado_HLS/2017.2/common/technology/xilinx/ip/xfft.gen 
INFO: [HLS 200-100] Command           ap_source returned 0; 0.104 sec.
INFO: [HLS 200-100] Execute           source C:/Xilinx/Vivado_HLS/2017.2/common/technology/xilinx/ip/xfir.gen 
INFO: [HLS 200-100] Command           ap_source returned 0; 0.001 sec.
INFO: [HLS 200-100] Command         ap_source returned 0; 0.151 sec.
INFO: [HLS 200-100] Execute         source C:/Xilinx/Vivado_HLS/2017.2/common/technology/xilinx/common/dsp48.gen 
INFO: [HLS 200-100] Command         ap_source returned 0; 0.001 sec.
INFO: [HLS 200-100] Command       ap_source returned 0; 0.154 sec.
INFO: [HLS 200-100] Command     ap_source returned 0; 0.154 sec.
INFO: [HLS 200-100] Execute     source C:/Xilinx/Vivado_HLS/2017.2/common/technology/xilinx/kintex7/kintex7_fpv6.gen 
INFO: [HLS 200-100] Execute       source C:/Xilinx/Vivado_HLS/2017.2/common/technology/xilinx/common/xilinx_fpv6.gen 
INFO: [HLS 200-100] Command       ap_source returned 0; 0.002 sec.
INFO: [HLS 200-100] Command     ap_source returned 0; 0.002 sec.
INFO: [HLS 200-100] Execute     source C:/Users/markb/Source/Repos/FPGA_Sandbox/RecComp/Lab2/ug871-design-files/Introduction/lab1/fir_prj/solution1/.autopilot/db/global.setting.tcl 
INFO: [HLS 200-100] Command     ap_source returned 0; 0.001 sec.
INFO: [HLS 200-100] Execute     source C:/Users/markb/Source/Repos/FPGA_Sandbox/RecComp/Lab2/ug871-design-files/Introduction/lab1/fir_prj/solution1/.autopilot/db/global.setting.tcl 
INFO: [HLS 200-100] Command     ap_source returned 0; 0.001 sec.
INFO: [HLS 200-100] Execute     source C:/Users/markb/Source/Repos/FPGA_Sandbox/RecComp/Lab2/ug871-design-files/Introduction/lab1/fir_prj/solution1/.autopilot/db/fir.compgen.tcl 
INFO: [HLS 200-100] Command     ap_source returned 0; 0.001 sec.
INFO: [HLS 200-100] Execute     source C:/Users/markb/Source/Repos/FPGA_Sandbox/RecComp/Lab2/ug871-design-files/Introduction/lab1/fir_prj/solution1/.autopilot/db/global.setting.tcl 
INFO: [HLS 200-100] Command     ap_source returned 0; 0.001 sec.
INFO: [HLS 200-100] Execute     source C:/Users/markb/Source/Repos/FPGA_Sandbox/RecComp/Lab2/ug871-design-files/Introduction/lab1/fir_prj/solution1/.autopilot/db/fir.constraint.tcl 
INFO: [HLS 200-100] Command     ap_source returned 0; 0.001 sec.
INFO: [HLS 200-100] Execute     source C:/Users/markb/Source/Repos/FPGA_Sandbox/RecComp/Lab2/ug871-design-files/Introduction/lab1/fir_prj/solution1/.autopilot/db/global.setting.tcl 
INFO: [HLS 200-100] Command     ap_source returned 0; 0.002 sec.
INFO: [HLS 200-100] Execute     source C:/Xilinx/Vivado_HLS/2017.2/common/technology/generic/autopilot/common.gen 
INFO: [HLS 200-100] Execute       source C:/Xilinx/Vivado_HLS/2017.2/common/technology/generic/autopilot/APCoreGen.gen 
INFO: [HLS 200-100] Command       ap_source returned 0; 0.001 sec.
INFO: [HLS 200-100] Command     ap_source returned 0; 0.001 sec.
INFO: [HLS 200-100] Execute     source C:/Xilinx/Vivado_HLS/2017.2/common/technology/generic/autopilot/op.gen 
INFO: [HLS 200-100] Command     ap_source returned 0; 0.001 sec.
INFO: [HLS 200-100] Execute     source C:/Xilinx/Vivado_HLS/2017.2/common/technology/generic/autopilot/op_simcore.gen 
INFO: [HLS 200-100] Command     ap_source returned 0; 0.001 sec.
INFO: [HLS 200-100] Execute     source C:/Xilinx/Vivado_HLS/2017.2/common/technology/generic/autopilot/interface.gen 
INFO: [HLS 200-100] Command     ap_source returned 0; 0.001 sec.
INFO: [HLS 200-100] Execute     source C:/Users/markb/Source/Repos/FPGA_Sandbox/RecComp/Lab2/ug871-design-files/Introduction/lab1/fir_prj/solution1/.autopilot/db/global.setting.tcl 
INFO: [HLS 200-100] Command     ap_source returned 0; 0.001 sec.
INFO: [HLS 200-100] Execute     source C:/Xilinx/Vivado_HLS/2017.2/common/technology/xilinx/kintex7/kintex7.gen 
INFO: [HLS 200-100] Execute       source C:/Xilinx/Vivado_HLS/2017.2/common/technology/xilinx/common/virtex.gen 
INFO: [HLS 200-100] Execute         source C:/Xilinx/Vivado_HLS/2017.2/common/technology/xilinx/common/xilinx.gen 
INFO: [HLS 200-100] Execute           source C:/Xilinx/Vivado_HLS/2017.2/common/technology/xilinx/interface/plb46.gen 
INFO: [HLS 200-100] Command           ap_source returned 0; 0.001 sec.
INFO: [HLS 200-100] Execute           source C:/Xilinx/Vivado_HLS/2017.2/common/technology/xilinx/interface/fsl.gen 
INFO: [HLS 200-100] Command           ap_source returned 0; 0.001 sec.
INFO: [HLS 200-100] Execute           source C:/Xilinx/Vivado_HLS/2017.2/common/technology/xilinx/interface/axi4.gen 
INFO: [HLS 200-100] Command           ap_source returned 0; 0.003 sec.
INFO: [HLS 200-100] Execute           source C:/Xilinx/Vivado_HLS/2017.2/common/technology/xilinx/interface/nativeAXI4.gen 
INFO: [HLS 200-100] Execute             source C:/Xilinx/Vivado_HLS/2017.2/common/technology/xilinx/interface/saxilite.gen 
INFO: [HLS 200-100] Command             ap_source returned 0; 0.006 sec.
INFO: [HLS 200-100] Execute             source C:/Xilinx/Vivado_HLS/2017.2/common/technology/xilinx/interface/maxi.gen 
INFO: [HLS 200-100] Command             ap_source returned 0; 0.008 sec.
INFO: [HLS 200-100] Command           ap_source returned 0; 0.014 sec.
INFO: [HLS 200-100] Execute           source C:/Xilinx/Vivado_HLS/2017.2/common/technology/xilinx/scripts/xilinxcoregen.gen 
INFO: [HLS 200-100] Command           ap_source returned 0; 0.012 sec.
INFO: [HLS 200-100] Execute           source C:/Xilinx/Vivado_HLS/2017.2/common/technology/xilinx/interface/XilEDKCoreGen.gen 
INFO: [HLS 200-100] Command           ap_source returned 0; 0.011 sec.
INFO: [HLS 200-100] Execute           source C:/Xilinx/Vivado_HLS/2017.2/common/technology/xilinx/ip/dds_compiler.gen 
INFO: [HLS 200-100] Command           ap_source returned 0; 0.004 sec.
INFO: [HLS 200-100] Execute           source C:/Xilinx/Vivado_HLS/2017.2/common/technology/xilinx/ip/util.gen 
INFO: [HLS 200-100] Command           ap_source returned 0; 0.001 sec.
INFO: [HLS 200-100] Execute           source C:/Xilinx/Vivado_HLS/2017.2/common/technology/xilinx/ip/xfft.gen 
INFO: [HLS 200-100] Command           ap_source returned 0; 0.119 sec.
INFO: [HLS 200-100] Execute           source C:/Xilinx/Vivado_HLS/2017.2/common/technology/xilinx/ip/xfir.gen 
INFO: [HLS 200-100] Command           ap_source returned 0; 0.002 sec.
INFO: [HLS 200-100] Command         ap_source returned 0; 0.17 sec.
INFO: [HLS 200-100] Execute         source C:/Xilinx/Vivado_HLS/2017.2/common/technology/xilinx/common/dsp48.gen 
INFO: [HLS 200-100] Command         ap_source returned 0; 0.001 sec.
INFO: [HLS 200-100] Command       ap_source returned 0; 0.173 sec.
INFO: [HLS 200-100] Command     ap_source returned 0; 0.174 sec.
INFO: [HLS 200-100] Execute     source C:/Xilinx/Vivado_HLS/2017.2/common/technology/xilinx/kintex7/kintex7_fpv6.gen 
INFO: [HLS 200-100] Execute       source C:/Xilinx/Vivado_HLS/2017.2/common/technology/xilinx/common/xilinx_fpv6.gen 
INFO: [HLS 200-100] Command       ap_source returned 0; 0.001 sec.
INFO: [HLS 200-100] Command     ap_source returned 0; 0.002 sec.
INFO: [HLS 200-100] Execute     source C:/Users/markb/Source/Repos/FPGA_Sandbox/RecComp/Lab2/ug871-design-files/Introduction/lab1/fir_prj/solution1/.autopilot/db/global.setting.tcl 
INFO: [HLS 200-100] Command     ap_source returned 0; 0.001 sec.
INFO: [HLS 200-100] Execute     source C:/Users/markb/Source/Repos/FPGA_Sandbox/RecComp/Lab2/ug871-design-files/Introduction/lab1/fir_prj/solution1/.autopilot/db/global.setting.tcl 
INFO: [HLS 200-100] Command     ap_source returned 0; 0.001 sec.
INFO: [HLS 200-100] Execute     source C:/Xilinx/Vivado_HLS/2017.2/common/technology/generic/autopilot/common.gen 
INFO: [HLS 200-100] Execute       source C:/Xilinx/Vivado_HLS/2017.2/common/technology/generic/autopilot/APCoreGen.gen 
INFO: [HLS 200-100] Command       ap_source returned 0; 0.001 sec.
INFO: [HLS 200-100] Command     ap_source returned 0; 0.002 sec.
INFO: [HLS 200-100] Execute     source C:/Xilinx/Vivado_HLS/2017.2/common/technology/generic/autopilot/op.gen 
INFO: [HLS 200-100] Command     ap_source returned 0; 0 sec.
INFO: [HLS 200-100] Execute     source C:/Xilinx/Vivado_HLS/2017.2/common/technology/generic/autopilot/op_simcore.gen 
INFO: [HLS 200-100] Command     ap_source returned 0; 0.002 sec.
INFO: [HLS 200-100] Execute     source C:/Xilinx/Vivado_HLS/2017.2/common/technology/generic/autopilot/interface.gen 
INFO: [HLS 200-100] Command     ap_source returned 0; 0 sec.
INFO: [HLS 200-100] Execute     source C:/Users/markb/Source/Repos/FPGA_Sandbox/RecComp/Lab2/ug871-design-files/Introduction/lab1/fir_prj/solution1/.autopilot/db/global.setting.tcl 
INFO: [HLS 200-100] Command     ap_source returned 0; 0.001 sec.
INFO: [HLS 200-100] Execute     source C:/Xilinx/Vivado_HLS/2017.2/common/technology/xilinx/kintex7/kintex7.gen 
INFO: [HLS 200-100] Execute       source C:/Xilinx/Vivado_HLS/2017.2/common/technology/xilinx/common/virtex.gen 
INFO: [HLS 200-100] Execute         source C:/Xilinx/Vivado_HLS/2017.2/common/technology/xilinx/common/xilinx.gen 
INFO: [HLS 200-100] Execute           source C:/Xilinx/Vivado_HLS/2017.2/common/technology/xilinx/interface/plb46.gen 
INFO: [HLS 200-100] Command           ap_source returned 0; 0.002 sec.
INFO: [HLS 200-100] Execute           source C:/Xilinx/Vivado_HLS/2017.2/common/technology/xilinx/interface/fsl.gen 
INFO: [HLS 200-100] Command           ap_source returned 0; 0 sec.
INFO: [HLS 200-100] Execute           source C:/Xilinx/Vivado_HLS/2017.2/common/technology/xilinx/interface/axi4.gen 
INFO: [HLS 200-100] Command           ap_source returned 0; 0.003 sec.
INFO: [HLS 200-100] Execute           source C:/Xilinx/Vivado_HLS/2017.2/common/technology/xilinx/interface/nativeAXI4.gen 
INFO: [HLS 200-100] Execute             source C:/Xilinx/Vivado_HLS/2017.2/common/technology/xilinx/interface/saxilite.gen 
INFO: [HLS 200-100] Command             ap_source returned 0; 0.005 sec.
INFO: [HLS 200-100] Execute             source C:/Xilinx/Vivado_HLS/2017.2/common/technology/xilinx/interface/maxi.gen 
INFO: [HLS 200-100] Command             ap_source returned 0; 0.008 sec.
INFO: [HLS 200-100] Command           ap_source returned 0; 0.013 sec.
INFO: [HLS 200-100] Execute           source C:/Xilinx/Vivado_HLS/2017.2/common/technology/xilinx/scripts/xilinxcoregen.gen 
INFO: [HLS 200-100] Command           ap_source returned 0; 0.014 sec.
INFO: [HLS 200-100] Execute           source C:/Xilinx/Vivado_HLS/2017.2/common/technology/xilinx/interface/XilEDKCoreGen.gen 
INFO: [HLS 200-100] Command           ap_source returned 0; 0.012 sec.
INFO: [HLS 200-100] Execute           source C:/Xilinx/Vivado_HLS/2017.2/common/technology/xilinx/ip/dds_compiler.gen 
INFO: [HLS 200-100] Command           ap_source returned 0; 0.005 sec.
INFO: [HLS 200-100] Execute           source C:/Xilinx/Vivado_HLS/2017.2/common/technology/xilinx/ip/util.gen 
INFO: [HLS 200-100] Command           ap_source returned 0; 0.001 sec.
INFO: [HLS 200-100] Execute           source C:/Xilinx/Vivado_HLS/2017.2/common/technology/xilinx/ip/xfft.gen 
INFO: [HLS 200-100] Command           ap_source returned 0; 0.104 sec.
INFO: [HLS 200-100] Execute           source C:/Xilinx/Vivado_HLS/2017.2/common/technology/xilinx/ip/xfir.gen 
INFO: [HLS 200-100] Command           ap_source returned 0; 0.001 sec.
INFO: [HLS 200-100] Command         ap_source returned 0; 0.156 sec.
INFO: [HLS 200-100] Execute         source C:/Xilinx/Vivado_HLS/2017.2/common/technology/xilinx/common/dsp48.gen 
INFO: [HLS 200-100] Command         ap_source returned 0; 0 sec.
INFO: [HLS 200-100] Command       ap_source returned 0; 0.159 sec.
INFO: [HLS 200-100] Command     ap_source returned 0; 0.16 sec.
INFO: [HLS 200-100] Execute     source C:/Xilinx/Vivado_HLS/2017.2/common/technology/xilinx/kintex7/kintex7_fpv6.gen 
INFO: [HLS 200-100] Execute       source C:/Xilinx/Vivado_HLS/2017.2/common/technology/xilinx/common/xilinx_fpv6.gen 
INFO: [HLS 200-100] Command       ap_source returned 0; 0.002 sec.
INFO: [HLS 200-100] Command     ap_source returned 0; 0.002 sec.
INFO: [HLS 200-100] Execute     source C:/Users/markb/Source/Repos/FPGA_Sandbox/RecComp/Lab2/ug871-design-files/Introduction/lab1/fir_prj/solution1/.autopilot/db/global.setting.tcl 
INFO: [HLS 200-100] Command     ap_source returned 0; 0.001 sec.
INFO: [HLS 200-100] Execute     source C:/Users/markb/Source/Repos/FPGA_Sandbox/RecComp/Lab2/ug871-design-files/Introduction/lab1/fir_prj/solution1/.autopilot/db/global.setting.tcl 
INFO: [HLS 200-100] Command     ap_source returned 0; 0.001 sec.
INFO: [HLS 200-100] Execute     source C:/Users/markb/Source/Repos/FPGA_Sandbox/RecComp/Lab2/ug871-design-files/Introduction/lab1/fir_prj/solution1/.autopilot/db/global.setting.tcl 
INFO: [HLS 200-100] Command     ap_source returned 0; 0.001 sec.
INFO: [HLS 200-100] Execute     source C:/Xilinx/Vivado_HLS/2017.2/common/technology/generic/autopilot/common.gen 
INFO: [HLS 200-100] Execute       source C:/Xilinx/Vivado_HLS/2017.2/common/technology/generic/autopilot/APCoreGen.gen 
INFO: [HLS 200-100] Command       ap_source returned 0; 0.001 sec.
INFO: [HLS 200-100] Command     ap_source returned 0; 0.002 sec.
INFO: [HLS 200-100] Execute     source C:/Xilinx/Vivado_HLS/2017.2/common/technology/generic/autopilot/op.gen 
INFO: [HLS 200-100] Command     ap_source returned 0; 0.001 sec.
INFO: [HLS 200-100] Execute     source C:/Xilinx/Vivado_HLS/2017.2/common/technology/generic/autopilot/op_simcore.gen 
INFO: [HLS 200-100] Command     ap_source returned 0; 0.001 sec.
INFO: [HLS 200-100] Execute     source C:/Xilinx/Vivado_HLS/2017.2/common/technology/generic/autopilot/interface.gen 
INFO: [HLS 200-100] Command     ap_source returned 0; 0 sec.
INFO: [HLS 200-100] Execute     source C:/Users/markb/Source/Repos/FPGA_Sandbox/RecComp/Lab2/ug871-design-files/Introduction/lab1/fir_prj/solution1/.autopilot/db/global.setting.tcl 
INFO: [HLS 200-100] Command     ap_source returned 0; 0.004 sec.
INFO: [HLS 200-100] Execute     source C:/Xilinx/Vivado_HLS/2017.2/common/technology/xilinx/kintex7/kintex7.gen 
INFO: [HLS 200-100] Execute       source C:/Xilinx/Vivado_HLS/2017.2/common/technology/xilinx/common/virtex.gen 
INFO: [HLS 200-100] Execute         source C:/Xilinx/Vivado_HLS/2017.2/common/technology/xilinx/common/xilinx.gen 
INFO: [HLS 200-100] Execute           source C:/Xilinx/Vivado_HLS/2017.2/common/technology/xilinx/interface/plb46.gen 
INFO: [HLS 200-100] Command           ap_source returned 0; 0.001 sec.
INFO: [HLS 200-100] Execute           source C:/Xilinx/Vivado_HLS/2017.2/common/technology/xilinx/interface/fsl.gen 
INFO: [HLS 200-100] Command           ap_source returned 0; 0.001 sec.
INFO: [HLS 200-100] Execute           source C:/Xilinx/Vivado_HLS/2017.2/common/technology/xilinx/interface/axi4.gen 
INFO: [HLS 200-100] Command           ap_source returned 0; 0.003 sec.
INFO: [HLS 200-100] Execute           source C:/Xilinx/Vivado_HLS/2017.2/common/technology/xilinx/interface/nativeAXI4.gen 
INFO: [HLS 200-100] Execute             source C:/Xilinx/Vivado_HLS/2017.2/common/technology/xilinx/interface/saxilite.gen 
INFO: [HLS 200-100] Command             ap_source returned 0; 0.004 sec.
INFO: [HLS 200-100] Execute             source C:/Xilinx/Vivado_HLS/2017.2/common/technology/xilinx/interface/maxi.gen 
INFO: [HLS 200-100] Command             ap_source returned 0; 0.007 sec.
INFO: [HLS 200-100] Command           ap_source returned 0; 0.013 sec.
INFO: [HLS 200-100] Execute           source C:/Xilinx/Vivado_HLS/2017.2/common/technology/xilinx/scripts/xilinxcoregen.gen 
INFO: [HLS 200-100] Command           ap_source returned 0; 0.011 sec.
INFO: [HLS 200-100] Execute           source C:/Xilinx/Vivado_HLS/2017.2/common/technology/xilinx/interface/XilEDKCoreGen.gen 
INFO: [HLS 200-100] Command           ap_source returned 0; 0.01 sec.
INFO: [HLS 200-100] Execute           source C:/Xilinx/Vivado_HLS/2017.2/common/technology/xilinx/ip/dds_compiler.gen 
INFO: [HLS 200-100] Command           ap_source returned 0; 0.004 sec.
INFO: [HLS 200-100] Execute           source C:/Xilinx/Vivado_HLS/2017.2/common/technology/xilinx/ip/util.gen 
INFO: [HLS 200-100] Command           ap_source returned 0; 0 sec.
INFO: [HLS 200-100] Execute           source C:/Xilinx/Vivado_HLS/2017.2/common/technology/xilinx/ip/xfft.gen 
INFO: [HLS 200-100] Command           ap_source returned 0; 0.106 sec.
INFO: [HLS 200-100] Execute           source C:/Xilinx/Vivado_HLS/2017.2/common/technology/xilinx/ip/xfir.gen 
INFO: [HLS 200-100] Command           ap_source returned 0; 0.001 sec.
INFO: [HLS 200-100] Command         ap_source returned 0; 0.151 sec.
INFO: [HLS 200-100] Execute         source C:/Xilinx/Vivado_HLS/2017.2/common/technology/xilinx/common/dsp48.gen 
INFO: [HLS 200-100] Command         ap_source returned 0; 0 sec.
INFO: [HLS 200-100] Command       ap_source returned 0; 0.153 sec.
INFO: [HLS 200-100] Command     ap_source returned 0; 0.154 sec.
INFO: [HLS 200-100] Execute     source C:/Xilinx/Vivado_HLS/2017.2/common/technology/xilinx/kintex7/kintex7_fpv6.gen 
INFO: [HLS 200-100] Execute       source C:/Xilinx/Vivado_HLS/2017.2/common/technology/xilinx/common/xilinx_fpv6.gen 
INFO: [HLS 200-100] Command       ap_source returned 0; 0.002 sec.
INFO: [HLS 200-100] Command     ap_source returned 0; 0.002 sec.
INFO: [HLS 200-100] Execute     source C:/Users/markb/Source/Repos/FPGA_Sandbox/RecComp/Lab2/ug871-design-files/Introduction/lab1/fir_prj/solution1/.autopilot/db/global.setting.tcl 
INFO: [HLS 200-100] Command     ap_source returned 0; 0.001 sec.
INFO: [HLS 200-100] Execute     source C:/Users/markb/Source/Repos/FPGA_Sandbox/RecComp/Lab2/ug871-design-files/Introduction/lab1/fir_prj/solution1/.autopilot/db/global.setting.tcl 
INFO: [HLS 200-100] Command     ap_source returned 0; 0.002 sec.
INFO: [HLS 200-100] Execute     source C:/Users/markb/Source/Repos/FPGA_Sandbox/RecComp/Lab2/ug871-design-files/Introduction/lab1/fir_prj/solution1/.autopilot/db/fir.compgen.tcl 
INFO: [HLS 200-100] Command     ap_source returned 0; 0.002 sec.
INFO: [HLS 200-100] Execute     source C:/Users/markb/Source/Repos/FPGA_Sandbox/RecComp/Lab2/ug871-design-files/Introduction/lab1/fir_prj/solution1/.autopilot/db/global.setting.tcl 
INFO: [HLS 200-100] Command     ap_source returned 0; 0.002 sec.
INFO: [HLS 200-100] Execute     source C:/Users/markb/Source/Repos/FPGA_Sandbox/RecComp/Lab2/ug871-design-files/Introduction/lab1/fir_prj/solution1/.autopilot/db/fir.constraint.tcl 
INFO: [HLS 200-100] Command     ap_source returned 0; 0.001 sec.
INFO: [HLS 200-100] Execute     source C:/Users/markb/Source/Repos/FPGA_Sandbox/RecComp/Lab2/ug871-design-files/Introduction/lab1/fir_prj/solution1/.autopilot/db/global.setting.tcl 
INFO: [HLS 200-100] Command     ap_source returned 0; 0.002 sec.
INFO: [HLS 200-100] Execute     source C:/Xilinx/Vivado_HLS/2017.2/common/technology/generic/autopilot/common.gen 
INFO: [HLS 200-100] Execute       source C:/Xilinx/Vivado_HLS/2017.2/common/technology/generic/autopilot/APCoreGen.gen 
INFO: [HLS 200-100] Command       ap_source returned 0; 0 sec.
INFO: [HLS 200-100] Command     ap_source returned 0; 0.002 sec.
INFO: [HLS 200-100] Execute     source C:/Xilinx/Vivado_HLS/2017.2/common/technology/generic/autopilot/op.gen 
INFO: [HLS 200-100] Command     ap_source returned 0; 0 sec.
INFO: [HLS 200-100] Execute     source C:/Xilinx/Vivado_HLS/2017.2/common/technology/generic/autopilot/op_simcore.gen 
INFO: [HLS 200-100] Command     ap_source returned 0; 0.001 sec.
INFO: [HLS 200-100] Execute     source C:/Xilinx/Vivado_HLS/2017.2/common/technology/generic/autopilot/interface.gen 
INFO: [HLS 200-100] Command     ap_source returned 0; 0 sec.
INFO: [HLS 200-100] Execute     source C:/Users/markb/Source/Repos/FPGA_Sandbox/RecComp/Lab2/ug871-design-files/Introduction/lab1/fir_prj/solution1/.autopilot/db/global.setting.tcl 
INFO: [HLS 200-100] Command     ap_source returned 0; 0.002 sec.
INFO: [HLS 200-100] Execute     source C:/Xilinx/Vivado_HLS/2017.2/common/technology/xilinx/kintex7/kintex7.gen 
INFO: [HLS 200-100] Execute       source C:/Xilinx/Vivado_HLS/2017.2/common/technology/xilinx/common/virtex.gen 
INFO: [HLS 200-100] Execute         source C:/Xilinx/Vivado_HLS/2017.2/common/technology/xilinx/common/xilinx.gen 
INFO: [HLS 200-100] Execute           source C:/Xilinx/Vivado_HLS/2017.2/common/technology/xilinx/interface/plb46.gen 
INFO: [HLS 200-100] Command           ap_source returned 0; 0.001 sec.
INFO: [HLS 200-100] Execute           source C:/Xilinx/Vivado_HLS/2017.2/common/technology/xilinx/interface/fsl.gen 
INFO: [HLS 200-100] Command           ap_source returned 0; 0.001 sec.
INFO: [HLS 200-100] Execute           source C:/Xilinx/Vivado_HLS/2017.2/common/technology/xilinx/interface/axi4.gen 
INFO: [HLS 200-100] Command           ap_source returned 0; 0.002 sec.
INFO: [HLS 200-100] Execute           source C:/Xilinx/Vivado_HLS/2017.2/common/technology/xilinx/interface/nativeAXI4.gen 
INFO: [HLS 200-100] Execute             source C:/Xilinx/Vivado_HLS/2017.2/common/technology/xilinx/interface/saxilite.gen 
INFO: [HLS 200-100] Command             ap_source returned 0; 0.005 sec.
INFO: [HLS 200-100] Execute             source C:/Xilinx/Vivado_HLS/2017.2/common/technology/xilinx/interface/maxi.gen 
INFO: [HLS 200-100] Command             ap_source returned 0; 0.008 sec.
INFO: [HLS 200-100] Command           ap_source returned 0; 0.013 sec.
INFO: [HLS 200-100] Execute           source C:/Xilinx/Vivado_HLS/2017.2/common/technology/xilinx/scripts/xilinxcoregen.gen 
INFO: [HLS 200-100] Command           ap_source returned 0; 0.012 sec.
INFO: [HLS 200-100] Execute           source C:/Xilinx/Vivado_HLS/2017.2/common/technology/xilinx/interface/XilEDKCoreGen.gen 
INFO: [HLS 200-100] Command           ap_source returned 0; 0.01 sec.
INFO: [HLS 200-100] Execute           source C:/Xilinx/Vivado_HLS/2017.2/common/technology/xilinx/ip/dds_compiler.gen 
INFO: [HLS 200-100] Command           ap_source returned 0; 0.004 sec.
INFO: [HLS 200-100] Execute           source C:/Xilinx/Vivado_HLS/2017.2/common/technology/xilinx/ip/util.gen 
INFO: [HLS 200-100] Command           ap_source returned 0; 0 sec.
INFO: [HLS 200-100] Execute           source C:/Xilinx/Vivado_HLS/2017.2/common/technology/xilinx/ip/xfft.gen 
INFO: [HLS 200-100] Command           ap_source returned 0; 0.108 sec.
INFO: [HLS 200-100] Execute           source C:/Xilinx/Vivado_HLS/2017.2/common/technology/xilinx/ip/xfir.gen 
INFO: [HLS 200-100] Command           ap_source returned 0; 0.001 sec.
INFO: [HLS 200-100] Command         ap_source returned 0; 0.152 sec.
INFO: [HLS 200-100] Execute         source C:/Xilinx/Vivado_HLS/2017.2/common/technology/xilinx/common/dsp48.gen 
INFO: [HLS 200-100] Command         ap_source returned 0; 0 sec.
INFO: [HLS 200-100] Command       ap_source returned 0; 0.155 sec.
INFO: [HLS 200-100] Command     ap_source returned 0; 0.156 sec.
INFO: [HLS 200-100] Execute     source C:/Xilinx/Vivado_HLS/2017.2/common/technology/xilinx/kintex7/kintex7_fpv6.gen 
INFO: [HLS 200-100] Execute       source C:/Xilinx/Vivado_HLS/2017.2/common/technology/xilinx/common/xilinx_fpv6.gen 
INFO: [HLS 200-100] Command       ap_source returned 0; 0.002 sec.
INFO: [HLS 200-100] Command     ap_source returned 0; 0.002 sec.
INFO: [HLS 200-100] Execute     source C:/Users/markb/Source/Repos/FPGA_Sandbox/RecComp/Lab2/ug871-design-files/Introduction/lab1/fir_prj/solution1/.autopilot/db/global.setting.tcl 
INFO: [HLS 200-100] Command     ap_source returned 0; 0.001 sec.
INFO: [HLS 200-100] Command   export_design returned 0; 23.345 sec.
INFO: [HLS 200-100] Command ap_source returned 0; 23.732 sec.
INFO: [HLS 200-100] Execute cleanup_all 
INFO: [HLS 200-100] Command cleanup_all returned 0; 0.001 sec.
